/home/demirci/swarm_sim_ws/install/swarm_sim/lib/python3.10/site-packages/swarm_sim/mission_controller.py
/home/demirci/swarm_sim_ws/install/swarm_sim/lib/python3.10/site-packages/swarm_sim/swarm_coordinator.py
/home/demirci/swarm_sim_ws/install/swarm_sim/lib/python3.10/site-packages/swarm_sim/mission_commander.py
/home/demirci/swarm_sim_ws/install/swarm_sim/lib/python3.10/site-packages/swarm_sim/__init__.py
/home/demirci/swarm_sim_ws/install/swarm_sim/lib/python3.10/site-packages/swarm_sim/visualizer.py
/home/demirci/swarm_sim_ws/install/swarm_sim/lib/python3.10/site-packages/swarm_sim/simulated_drone.py
/home/demirci/swarm_sim_ws/install/swarm_sim/lib/python3.10/site-packages/swarm_sim/__pycache__/mission_controller.cpython-310.pyc
/home/demirci/swarm_sim_ws/install/swarm_sim/lib/python3.10/site-packages/swarm_sim/__pycache__/swarm_coordinator.cpython-310.pyc
/home/demirci/swarm_sim_ws/install/swarm_sim/lib/python3.10/site-packages/swarm_sim/__pycache__/mission_commander.cpython-310.pyc
/home/demirci/swarm_sim_ws/install/swarm_sim/lib/python3.10/site-packages/swarm_sim/__pycache__/__init__.cpython-310.pyc
/home/demirci/swarm_sim_ws/install/swarm_sim/lib/python3.10/site-packages/swarm_sim/__pycache__/visualizer.cpython-310.pyc
/home/demirci/swarm_sim_ws/install/swarm_sim/lib/python3.10/site-packages/swarm_sim/__pycache__/simulated_drone.cpython-310.pyc
/home/demirci/swarm_sim_ws/install/swarm_sim/share/ament_index/resource_index/packages/swarm_sim
/home/demirci/swarm_sim_ws/install/swarm_sim/share/swarm_sim/package.xml
/home/demirci/swarm_sim_ws/install/swarm_sim/share/swarm_sim/launch/guided_mission.launch.py
/home/demirci/swarm_sim_ws/install/swarm_sim/lib/python3.10/site-packages/swarm_sim-0.0.1-py3.10.egg-info/zip-safe
/home/demirci/swarm_sim_ws/install/swarm_sim/lib/python3.10/site-packages/swarm_sim-0.0.1-py3.10.egg-info/PKG-INFO
/home/demirci/swarm_sim_ws/install/swarm_sim/lib/python3.10/site-packages/swarm_sim-0.0.1-py3.10.egg-info/top_level.txt
/home/demirci/swarm_sim_ws/install/swarm_sim/lib/python3.10/site-packages/swarm_sim-0.0.1-py3.10.egg-info/dependency_links.txt
/home/demirci/swarm_sim_ws/install/swarm_sim/lib/python3.10/site-packages/swarm_sim-0.0.1-py3.10.egg-info/requires.txt
/home/demirci/swarm_sim_ws/install/swarm_sim/lib/python3.10/site-packages/swarm_sim-0.0.1-py3.10.egg-info/SOURCES.txt
/home/demirci/swarm_sim_ws/install/swarm_sim/lib/python3.10/site-packages/swarm_sim-0.0.1-py3.10.egg-info/entry_points.txt
/home/demirci/swarm_sim_ws/install/swarm_sim/lib/swarm_sim/mission_commander
/home/demirci/swarm_sim_ws/install/swarm_sim/lib/swarm_sim/mission_controller
/home/demirci/swarm_sim_ws/install/swarm_sim/lib/swarm_sim/simulated_drone
/home/demirci/swarm_sim_ws/install/swarm_sim/lib/swarm_sim/swarm_coordinator
/home/demirci/swarm_sim_ws/install/swarm_sim/lib/swarm_sim/visualizer
