[0.424s] Invoking command in '/home/demirci/swarm_sim_ws/src/swarm_sim': PYTHONPATH=/home/demirci/swarm_sim_ws/build/swarm_sim/prefix_override:/usr/lib/python3/dist-packages/colcon_core/task/python/colcon_distutils_commands:/home/demirci/swarm_sim_ws/install/swarm_sim/lib/python3.10/site-packages:${PYTHONPATH} /usr/bin/python3 -W ignore:setup.py install is deprecated -W ignore:easy_install command is deprecated setup.py egg_info --egg-base ../../build/swarm_sim build --build-base /home/demirci/swarm_sim_ws/build/swarm_sim/build install --record /home/demirci/swarm_sim_ws/build/swarm_sim/install.log --single-version-externally-managed install_data
[0.512s] /home/demirci/.local/lib/python3.10/site-packages/setuptools/_distutils/dist.py:289: UserWarning: Unknown distribution option: 'tests_require'
[0.512s]   warnings.warn(msg)
[0.562s] running egg_info
[0.570s] writing ../../build/swarm_sim/swarm_sim.egg-info/PKG-INFO
[0.571s] writing dependency_links to ../../build/swarm_sim/swarm_sim.egg-info/dependency_links.txt
[0.571s] writing entry points to ../../build/swarm_sim/swarm_sim.egg-info/entry_points.txt
[0.571s] writing requirements to ../../build/swarm_sim/swarm_sim.egg-info/requires.txt
[0.571s] writing top-level names to ../../build/swarm_sim/swarm_sim.egg-info/top_level.txt
[0.588s] reading manifest file '../../build/swarm_sim/swarm_sim.egg-info/SOURCES.txt'
[0.589s] writing manifest file '../../build/swarm_sim/swarm_sim.egg-info/SOURCES.txt'
[0.589s] running build
[0.589s] running build_py
[0.589s] copying swarm_sim/mission_controller.py -> /home/demirci/swarm_sim_ws/build/swarm_sim/build/lib/swarm_sim
[0.589s] copying swarm_sim/swarm_coordinator.py -> /home/demirci/swarm_sim_ws/build/swarm_sim/build/lib/swarm_sim
[0.589s] copying swarm_sim/mission_commander.py -> /home/demirci/swarm_sim_ws/build/swarm_sim/build/lib/swarm_sim
[0.589s] copying swarm_sim/__init__.py -> /home/demirci/swarm_sim_ws/build/swarm_sim/build/lib/swarm_sim
[0.589s] copying swarm_sim/visualizer.py -> /home/demirci/swarm_sim_ws/build/swarm_sim/build/lib/swarm_sim
[0.589s] copying swarm_sim/simulated_drone.py -> /home/demirci/swarm_sim_ws/build/swarm_sim/build/lib/swarm_sim
[0.589s] copying swarm_sim/mavlink_bridge.py -> /home/demirci/swarm_sim_ws/build/swarm_sim/build/lib/swarm_sim
[0.590s] running install
[0.592s] running install_lib
[0.601s] copying /home/demirci/swarm_sim_ws/build/swarm_sim/build/lib/swarm_sim/mavlink_bridge.py -> /home/demirci/swarm_sim_ws/install/swarm_sim/lib/python3.10/site-packages/swarm_sim
[0.601s] byte-compiling /home/demirci/swarm_sim_ws/install/swarm_sim/lib/python3.10/site-packages/swarm_sim/mavlink_bridge.py to mavlink_bridge.cpython-310.pyc
[0.602s] running install_data
[0.602s] copying resource/swarm_sim -> /home/demirci/swarm_sim_ws/install/swarm_sim/share/ament_index/resource_index/packages
[0.602s] copying package.xml -> /home/demirci/swarm_sim_ws/install/swarm_sim/share/swarm_sim
[0.602s] copying launch/guided_mission.launch.py -> /home/demirci/swarm_sim_ws/install/swarm_sim/share/swarm_sim/launch
[0.602s] running install_egg_info
[0.611s] removing '/home/demirci/swarm_sim_ws/install/swarm_sim/lib/python3.10/site-packages/swarm_sim-0.0.1-py3.10.egg-info' (and everything under it)
[0.612s] Copying ../../build/swarm_sim/swarm_sim.egg-info to /home/demirci/swarm_sim_ws/install/swarm_sim/lib/python3.10/site-packages/swarm_sim-0.0.1-py3.10.egg-info
[0.612s] running install_scripts
[0.629s] Installing mavlink_bridge script to /home/demirci/swarm_sim_ws/install/swarm_sim/lib/swarm_sim
[0.629s] Installing mission_commander script to /home/demirci/swarm_sim_ws/install/swarm_sim/lib/swarm_sim
[0.629s] Installing mission_controller script to /home/demirci/swarm_sim_ws/install/swarm_sim/lib/swarm_sim
[0.630s] Installing simulated_drone script to /home/demirci/swarm_sim_ws/install/swarm_sim/lib/swarm_sim
[0.630s] Installing swarm_coordinator script to /home/demirci/swarm_sim_ws/install/swarm_sim/lib/swarm_sim
[0.630s] Installing visualizer script to /home/demirci/swarm_sim_ws/install/swarm_sim/lib/swarm_sim
[0.630s] writing list of installed files to '/home/demirci/swarm_sim_ws/build/swarm_sim/install.log'
[0.644s] Invoked command in '/home/demirci/swarm_sim_ws/src/swarm_sim' returned '0': PYTHONPATH=/home/demirci/swarm_sim_ws/build/swarm_sim/prefix_override:/usr/lib/python3/dist-packages/colcon_core/task/python/colcon_distutils_commands:/home/demirci/swarm_sim_ws/install/swarm_sim/lib/python3.10/site-packages:${PYTHONPATH} /usr/bin/python3 -W ignore:setup.py install is deprecated -W ignore:easy_install command is deprecated setup.py egg_info --egg-base ../../build/swarm_sim build --build-base /home/demirci/swarm_sim_ws/build/swarm_sim/build install --record /home/demirci/swarm_sim_ws/build/swarm_sim/install.log --single-version-externally-managed install_data
