[35m[1mConsolidate compiler generated dependencies of target swarm_msgs__rosidl_generator_c[0m
[  6%] Built target swarm_msgs__cpp
[ 12%] Built target swarm_msgs__rosidl_generator_c
[ 12%] Built target ament_cmake_python_copy_swarm_msgs
[35m[1mConsolidate compiler generated dependencies of target swarm_msgs__rosidl_typesupport_introspection_c[0m
[35m[1mConsolidate compiler generated dependencies of target swarm_msgs__rosidl_typesupport_introspection_cpp[0m
[35m[1mConsolidate compiler generated dependencies of target swarm_msgs__rosidl_typesupport_c[0m
[35m[1mConsolidate compiler generated dependencies of target swarm_msgs__rosidl_typesupport_cpp[0m
[35m[1mConsolidate compiler generated dependencies of target swarm_msgs__rosidl_typesupport_fastrtps_c[0m
[35m[1mConsolidate compiler generated dependencies of target swarm_msgs__rosidl_typesupport_fastrtps_cpp[0m
[ 22%] Built target swarm_msgs__rosidl_typesupport_introspection_c
[ 32%] Built target swarm_msgs__rosidl_typesupport_introspection_cpp
[ 41%] Built target swarm_msgs__rosidl_typesupport_cpp
[ 51%] Built target swarm_msgs__rosidl_typesupport_fastrtps_cpp
[ 61%] Built target swarm_msgs__rosidl_typesupport_c
[ 70%] Built target swarm_msgs__rosidl_typesupport_fastrtps_c
[ 70%] Built target swarm_msgs
[ 74%] Built target swarm_msgs__py
[35m[1mConsolidate compiler generated dependencies of target swarm_msgs__rosidl_generator_py[0m
[ 80%] Built target swarm_msgs__rosidl_generator_py
[35m[1mConsolidate compiler generated dependencies of target swarm_msgs__rosidl_typesupport_introspection_c__pyext[0m
[35m[1mConsolidate compiler generated dependencies of target swarm_msgs__rosidl_typesupport_fastrtps_c__pyext[0m
[35m[1mConsolidate compiler generated dependencies of target swarm_msgs__rosidl_typesupport_c__pyext[0m
[ 87%] Built target swarm_msgs__rosidl_typesupport_introspection_c__pyext
[100%] Built target swarm_msgs__rosidl_typesupport_fastrtps_c__pyext
[100%] Built target swarm_msgs__rosidl_typesupport_c__pyext
running egg_info
writing swarm_msgs.egg-info/PKG-INFO
writing dependency_links to swarm_msgs.egg-info/dependency_links.txt
writing top-level names to swarm_msgs.egg-info/top_level.txt
reading manifest file 'swarm_msgs.egg-info/SOURCES.txt'
writing manifest file 'swarm_msgs.egg-info/SOURCES.txt'
[100%] Built target ament_cmake_python_build_swarm_msgs_egg
-- Install configuration: ""
-- Up-to-date: /home/demirci/swarm_sim_ws/install/swarm_msgs/share/ament_index/resource_index/rosidl_interfaces/swarm_msgs
-- Up-to-date: /home/demirci/swarm_sim_ws/install/swarm_msgs/include/swarm_msgs/swarm_msgs
-- Up-to-date: /home/demirci/swarm_sim_ws/install/swarm_msgs/include/swarm_msgs/swarm_msgs/msg
-- Up-to-date: /home/demirci/swarm_sim_ws/install/swarm_msgs/include/swarm_msgs/swarm_msgs/msg/detail
-- Up-to-date: /home/demirci/swarm_sim_ws/install/swarm_msgs/include/swarm_msgs/swarm_msgs/msg/detail/drone_state__functions.h
-- Up-to-date: /home/demirci/swarm_sim_ws/install/swarm_msgs/include/swarm_msgs/swarm_msgs/msg/detail/drone_state__struct.h
-- Up-to-date: /home/demirci/swarm_sim_ws/install/swarm_msgs/include/swarm_msgs/swarm_msgs/msg/detail/drone_state__type_support.h
-- Up-to-date: /home/demirci/swarm_sim_ws/install/swarm_msgs/include/swarm_msgs/swarm_msgs/msg/detail/drone_state__functions.c
-- Up-to-date: /home/demirci/swarm_sim_ws/install/swarm_msgs/include/swarm_msgs/swarm_msgs/msg/rosidl_generator_c__visibility_control.h
-- Up-to-date: /home/demirci/swarm_sim_ws/install/swarm_msgs/include/swarm_msgs/swarm_msgs/msg/drone_state.h
-- Up-to-date: /home/demirci/swarm_sim_ws/install/swarm_msgs/share/swarm_msgs/environment/library_path.sh
-- Up-to-date: /home/demirci/swarm_sim_ws/install/swarm_msgs/share/swarm_msgs/environment/library_path.dsv
-- Up-to-date: /home/demirci/swarm_sim_ws/install/swarm_msgs/lib/libswarm_msgs__rosidl_generator_c.so
-- Up-to-date: /home/demirci/swarm_sim_ws/install/swarm_msgs/include/swarm_msgs/swarm_msgs
-- Up-to-date: /home/demirci/swarm_sim_ws/install/swarm_msgs/include/swarm_msgs/swarm_msgs/msg
-- Up-to-date: /home/demirci/swarm_sim_ws/install/swarm_msgs/include/swarm_msgs/swarm_msgs/msg/detail
-- Up-to-date: /home/demirci/swarm_sim_ws/install/swarm_msgs/include/swarm_msgs/swarm_msgs/msg/detail/drone_state__rosidl_typesupport_fastrtps_c.h
-- Up-to-date: /home/demirci/swarm_sim_ws/install/swarm_msgs/include/swarm_msgs/swarm_msgs/msg/rosidl_typesupport_fastrtps_c__visibility_control.h
-- Up-to-date: /home/demirci/swarm_sim_ws/install/swarm_msgs/lib/libswarm_msgs__rosidl_typesupport_fastrtps_c.so
-- Up-to-date: /home/demirci/swarm_sim_ws/install/swarm_msgs/include/swarm_msgs/swarm_msgs
-- Up-to-date: /home/demirci/swarm_sim_ws/install/swarm_msgs/include/swarm_msgs/swarm_msgs/msg
-- Up-to-date: /home/demirci/swarm_sim_ws/install/swarm_msgs/include/swarm_msgs/swarm_msgs/msg/detail
-- Up-to-date: /home/demirci/swarm_sim_ws/install/swarm_msgs/include/swarm_msgs/swarm_msgs/msg/detail/drone_state__type_support.c
-- Up-to-date: /home/demirci/swarm_sim_ws/install/swarm_msgs/include/swarm_msgs/swarm_msgs/msg/detail/drone_state__rosidl_typesupport_introspection_c.h
-- Up-to-date: /home/demirci/swarm_sim_ws/install/swarm_msgs/include/swarm_msgs/swarm_msgs/msg/rosidl_typesupport_introspection_c__visibility_control.h
-- Up-to-date: /home/demirci/swarm_sim_ws/install/swarm_msgs/lib/libswarm_msgs__rosidl_typesupport_introspection_c.so
-- Up-to-date: /home/demirci/swarm_sim_ws/install/swarm_msgs/lib/libswarm_msgs__rosidl_typesupport_c.so
-- Up-to-date: /home/demirci/swarm_sim_ws/install/swarm_msgs/include/swarm_msgs/swarm_msgs
-- Up-to-date: /home/demirci/swarm_sim_ws/install/swarm_msgs/include/swarm_msgs/swarm_msgs/msg
-- Up-to-date: /home/demirci/swarm_sim_ws/install/swarm_msgs/include/swarm_msgs/swarm_msgs/msg/drone_state.hpp
-- Up-to-date: /home/demirci/swarm_sim_ws/install/swarm_msgs/include/swarm_msgs/swarm_msgs/msg/rosidl_generator_cpp__visibility_control.hpp
-- Up-to-date: /home/demirci/swarm_sim_ws/install/swarm_msgs/include/swarm_msgs/swarm_msgs/msg/detail
-- Up-to-date: /home/demirci/swarm_sim_ws/install/swarm_msgs/include/swarm_msgs/swarm_msgs/msg/detail/drone_state__type_support.hpp
-- Up-to-date: /home/demirci/swarm_sim_ws/install/swarm_msgs/include/swarm_msgs/swarm_msgs/msg/detail/drone_state__traits.hpp
-- Up-to-date: /home/demirci/swarm_sim_ws/install/swarm_msgs/include/swarm_msgs/swarm_msgs/msg/detail/drone_state__builder.hpp
-- Up-to-date: /home/demirci/swarm_sim_ws/install/swarm_msgs/include/swarm_msgs/swarm_msgs/msg/detail/drone_state__struct.hpp
-- Up-to-date: /home/demirci/swarm_sim_ws/install/swarm_msgs/include/swarm_msgs/swarm_msgs
-- Up-to-date: /home/demirci/swarm_sim_ws/install/swarm_msgs/include/swarm_msgs/swarm_msgs/msg
-- Up-to-date: /home/demirci/swarm_sim_ws/install/swarm_msgs/include/swarm_msgs/swarm_msgs/msg/detail
-- Up-to-date: /home/demirci/swarm_sim_ws/install/swarm_msgs/include/swarm_msgs/swarm_msgs/msg/detail/dds_fastrtps
-- Up-to-date: /home/demirci/swarm_sim_ws/install/swarm_msgs/include/swarm_msgs/swarm_msgs/msg/detail/drone_state__rosidl_typesupport_fastrtps_cpp.hpp
-- Up-to-date: /home/demirci/swarm_sim_ws/install/swarm_msgs/include/swarm_msgs/swarm_msgs/msg/rosidl_typesupport_fastrtps_cpp__visibility_control.h
-- Up-to-date: /home/demirci/swarm_sim_ws/install/swarm_msgs/lib/libswarm_msgs__rosidl_typesupport_fastrtps_cpp.so
-- Up-to-date: /home/demirci/swarm_sim_ws/install/swarm_msgs/include/swarm_msgs/swarm_msgs
-- Up-to-date: /home/demirci/swarm_sim_ws/install/swarm_msgs/include/swarm_msgs/swarm_msgs/msg
-- Up-to-date: /home/demirci/swarm_sim_ws/install/swarm_msgs/include/swarm_msgs/swarm_msgs/msg/detail
-- Up-to-date: /home/demirci/swarm_sim_ws/install/swarm_msgs/include/swarm_msgs/swarm_msgs/msg/detail/drone_state__rosidl_typesupport_introspection_cpp.hpp
-- Up-to-date: /home/demirci/swarm_sim_ws/install/swarm_msgs/include/swarm_msgs/swarm_msgs/msg/detail/drone_state__type_support.cpp
-- Up-to-date: /home/demirci/swarm_sim_ws/install/swarm_msgs/lib/libswarm_msgs__rosidl_typesupport_introspection_cpp.so
-- Up-to-date: /home/demirci/swarm_sim_ws/install/swarm_msgs/lib/libswarm_msgs__rosidl_typesupport_cpp.so
-- Up-to-date: /home/demirci/swarm_sim_ws/install/swarm_msgs/share/swarm_msgs/environment/pythonpath.sh
-- Up-to-date: /home/demirci/swarm_sim_ws/install/swarm_msgs/share/swarm_msgs/environment/pythonpath.dsv
-- Up-to-date: /home/demirci/swarm_sim_ws/install/swarm_msgs/local/lib/python3.10/dist-packages/swarm_msgs-0.0.1-py3.10.egg-info
-- Installing: /home/demirci/swarm_sim_ws/install/swarm_msgs/local/lib/python3.10/dist-packages/swarm_msgs-0.0.1-py3.10.egg-info/PKG-INFO
-- Installing: /home/demirci/swarm_sim_ws/install/swarm_msgs/local/lib/python3.10/dist-packages/swarm_msgs-0.0.1-py3.10.egg-info/top_level.txt
-- Installing: /home/demirci/swarm_sim_ws/install/swarm_msgs/local/lib/python3.10/dist-packages/swarm_msgs-0.0.1-py3.10.egg-info/dependency_links.txt
-- Installing: /home/demirci/swarm_sim_ws/install/swarm_msgs/local/lib/python3.10/dist-packages/swarm_msgs-0.0.1-py3.10.egg-info/SOURCES.txt
-- Up-to-date: /home/demirci/swarm_sim_ws/install/swarm_msgs/local/lib/python3.10/dist-packages/swarm_msgs
-- Up-to-date: /home/demirci/swarm_sim_ws/install/swarm_msgs/local/lib/python3.10/dist-packages/swarm_msgs/msg
-- Up-to-date: /home/demirci/swarm_sim_ws/install/swarm_msgs/local/lib/python3.10/dist-packages/swarm_msgs/msg/__init__.py
-- Up-to-date: /home/demirci/swarm_sim_ws/install/swarm_msgs/local/lib/python3.10/dist-packages/swarm_msgs/msg/_drone_state_s.c
-- Up-to-date: /home/demirci/swarm_sim_ws/install/swarm_msgs/local/lib/python3.10/dist-packages/swarm_msgs/msg/_drone_state.py
-- Up-to-date: /home/demirci/swarm_sim_ws/install/swarm_msgs/local/lib/python3.10/dist-packages/swarm_msgs/swarm_msgs_s__rosidl_typesupport_c.cpython-310-x86_64-linux-gnu.so
-- Up-to-date: /home/demirci/swarm_sim_ws/install/swarm_msgs/local/lib/python3.10/dist-packages/swarm_msgs/_swarm_msgs_s.ep.rosidl_typesupport_fastrtps_c.c
-- Up-to-date: /home/demirci/swarm_sim_ws/install/swarm_msgs/local/lib/python3.10/dist-packages/swarm_msgs/_swarm_msgs_s.ep.rosidl_typesupport_c.c
-- Up-to-date: /home/demirci/swarm_sim_ws/install/swarm_msgs/local/lib/python3.10/dist-packages/swarm_msgs/__init__.py
-- Up-to-date: /home/demirci/swarm_sim_ws/install/swarm_msgs/local/lib/python3.10/dist-packages/swarm_msgs/swarm_msgs_s__rosidl_typesupport_fastrtps_c.cpython-310-x86_64-linux-gnu.so
-- Up-to-date: /home/demirci/swarm_sim_ws/install/swarm_msgs/local/lib/python3.10/dist-packages/swarm_msgs/swarm_msgs_s__rosidl_typesupport_introspection_c.cpython-310-x86_64-linux-gnu.so
-- Up-to-date: /home/demirci/swarm_sim_ws/install/swarm_msgs/local/lib/python3.10/dist-packages/swarm_msgs/libswarm_msgs__rosidl_generator_py.so
-- Up-to-date: /home/demirci/swarm_sim_ws/install/swarm_msgs/local/lib/python3.10/dist-packages/swarm_msgs/_swarm_msgs_s.ep.rosidl_typesupport_introspection_c.c
Listing '/home/demirci/swarm_sim_ws/install/swarm_msgs/local/lib/python3.10/dist-packages/swarm_msgs'...
Listing '/home/demirci/swarm_sim_ws/install/swarm_msgs/local/lib/python3.10/dist-packages/swarm_msgs/msg'...
-- Up-to-date: /home/demirci/swarm_sim_ws/install/swarm_msgs/local/lib/python3.10/dist-packages/swarm_msgs/swarm_msgs_s__rosidl_typesupport_fastrtps_c.cpython-310-x86_64-linux-gnu.so
-- Up-to-date: /home/demirci/swarm_sim_ws/install/swarm_msgs/local/lib/python3.10/dist-packages/swarm_msgs/swarm_msgs_s__rosidl_typesupport_introspection_c.cpython-310-x86_64-linux-gnu.so
-- Up-to-date: /home/demirci/swarm_sim_ws/install/swarm_msgs/local/lib/python3.10/dist-packages/swarm_msgs/swarm_msgs_s__rosidl_typesupport_c.cpython-310-x86_64-linux-gnu.so
-- Up-to-date: /home/demirci/swarm_sim_ws/install/swarm_msgs/lib/libswarm_msgs__rosidl_generator_py.so
-- Up-to-date: /home/demirci/swarm_sim_ws/install/swarm_msgs/share/swarm_msgs/msg/DroneState.idl
-- Up-to-date: /home/demirci/swarm_sim_ws/install/swarm_msgs/share/swarm_msgs/msg/DroneState.msg
-- Up-to-date: /home/demirci/swarm_sim_ws/install/swarm_msgs/share/ament_index/resource_index/package_run_dependencies/swarm_msgs
-- Up-to-date: /home/demirci/swarm_sim_ws/install/swarm_msgs/share/ament_index/resource_index/parent_prefix_path/swarm_msgs
-- Up-to-date: /home/demirci/swarm_sim_ws/install/swarm_msgs/share/swarm_msgs/environment/ament_prefix_path.sh
-- Up-to-date: /home/demirci/swarm_sim_ws/install/swarm_msgs/share/swarm_msgs/environment/ament_prefix_path.dsv
-- Up-to-date: /home/demirci/swarm_sim_ws/install/swarm_msgs/share/swarm_msgs/environment/path.sh
-- Up-to-date: /home/demirci/swarm_sim_ws/install/swarm_msgs/share/swarm_msgs/environment/path.dsv
-- Up-to-date: /home/demirci/swarm_sim_ws/install/swarm_msgs/share/swarm_msgs/local_setup.bash
-- Up-to-date: /home/demirci/swarm_sim_ws/install/swarm_msgs/share/swarm_msgs/local_setup.sh
-- Up-to-date: /home/demirci/swarm_sim_ws/install/swarm_msgs/share/swarm_msgs/local_setup.zsh
-- Up-to-date: /home/demirci/swarm_sim_ws/install/swarm_msgs/share/swarm_msgs/local_setup.dsv
-- Up-to-date: /home/demirci/swarm_sim_ws/install/swarm_msgs/share/swarm_msgs/package.dsv
-- Up-to-date: /home/demirci/swarm_sim_ws/install/swarm_msgs/share/ament_index/resource_index/packages/swarm_msgs
-- Up-to-date: /home/demirci/swarm_sim_ws/install/swarm_msgs/share/swarm_msgs/cmake/export_swarm_msgs__rosidl_generator_cExport.cmake
-- Up-to-date: /home/demirci/swarm_sim_ws/install/swarm_msgs/share/swarm_msgs/cmake/export_swarm_msgs__rosidl_generator_cExport-noconfig.cmake
-- Up-to-date: /home/demirci/swarm_sim_ws/install/swarm_msgs/share/swarm_msgs/cmake/export_swarm_msgs__rosidl_typesupport_fastrtps_cExport.cmake
-- Up-to-date: /home/demirci/swarm_sim_ws/install/swarm_msgs/share/swarm_msgs/cmake/export_swarm_msgs__rosidl_typesupport_fastrtps_cExport-noconfig.cmake
-- Up-to-date: /home/demirci/swarm_sim_ws/install/swarm_msgs/share/swarm_msgs/cmake/swarm_msgs__rosidl_typesupport_introspection_cExport.cmake
-- Up-to-date: /home/demirci/swarm_sim_ws/install/swarm_msgs/share/swarm_msgs/cmake/swarm_msgs__rosidl_typesupport_introspection_cExport-noconfig.cmake
-- Up-to-date: /home/demirci/swarm_sim_ws/install/swarm_msgs/share/swarm_msgs/cmake/swarm_msgs__rosidl_typesupport_cExport.cmake
-- Up-to-date: /home/demirci/swarm_sim_ws/install/swarm_msgs/share/swarm_msgs/cmake/swarm_msgs__rosidl_typesupport_cExport-noconfig.cmake
-- Up-to-date: /home/demirci/swarm_sim_ws/install/swarm_msgs/share/swarm_msgs/cmake/export_swarm_msgs__rosidl_generator_cppExport.cmake
-- Up-to-date: /home/demirci/swarm_sim_ws/install/swarm_msgs/share/swarm_msgs/cmake/export_swarm_msgs__rosidl_typesupport_fastrtps_cppExport.cmake
-- Up-to-date: /home/demirci/swarm_sim_ws/install/swarm_msgs/share/swarm_msgs/cmake/export_swarm_msgs__rosidl_typesupport_fastrtps_cppExport-noconfig.cmake
-- Up-to-date: /home/demirci/swarm_sim_ws/install/swarm_msgs/share/swarm_msgs/cmake/swarm_msgs__rosidl_typesupport_introspection_cppExport.cmake
-- Up-to-date: /home/demirci/swarm_sim_ws/install/swarm_msgs/share/swarm_msgs/cmake/swarm_msgs__rosidl_typesupport_introspection_cppExport-noconfig.cmake
-- Up-to-date: /home/demirci/swarm_sim_ws/install/swarm_msgs/share/swarm_msgs/cmake/swarm_msgs__rosidl_typesupport_cppExport.cmake
-- Up-to-date: /home/demirci/swarm_sim_ws/install/swarm_msgs/share/swarm_msgs/cmake/swarm_msgs__rosidl_typesupport_cppExport-noconfig.cmake
-- Up-to-date: /home/demirci/swarm_sim_ws/install/swarm_msgs/share/swarm_msgs/cmake/export_swarm_msgs__rosidl_generator_pyExport.cmake
-- Up-to-date: /home/demirci/swarm_sim_ws/install/swarm_msgs/share/swarm_msgs/cmake/export_swarm_msgs__rosidl_generator_pyExport-noconfig.cmake
-- Up-to-date: /home/demirci/swarm_sim_ws/install/swarm_msgs/share/swarm_msgs/cmake/rosidl_cmake-extras.cmake
-- Up-to-date: /home/demirci/swarm_sim_ws/install/swarm_msgs/share/swarm_msgs/cmake/ament_cmake_export_dependencies-extras.cmake
-- Up-to-date: /home/demirci/swarm_sim_ws/install/swarm_msgs/share/swarm_msgs/cmake/ament_cmake_export_include_directories-extras.cmake
-- Up-to-date: /home/demirci/swarm_sim_ws/install/swarm_msgs/share/swarm_msgs/cmake/ament_cmake_export_libraries-extras.cmake
-- Up-to-date: /home/demirci/swarm_sim_ws/install/swarm_msgs/share/swarm_msgs/cmake/ament_cmake_export_targets-extras.cmake
-- Up-to-date: /home/demirci/swarm_sim_ws/install/swarm_msgs/share/swarm_msgs/cmake/rosidl_cmake_export_typesupport_targets-extras.cmake
-- Up-to-date: /home/demirci/swarm_sim_ws/install/swarm_msgs/share/swarm_msgs/cmake/rosidl_cmake_export_typesupport_libraries-extras.cmake
-- Up-to-date: /home/demirci/swarm_sim_ws/install/swarm_msgs/share/swarm_msgs/cmake/swarm_msgsConfig.cmake
-- Up-to-date: /home/demirci/swarm_sim_ws/install/swarm_msgs/share/swarm_msgs/cmake/swarm_msgsConfig-version.cmake
-- Up-to-date: /home/demirci/swarm_sim_ws/install/swarm_msgs/share/swarm_msgs/package.xml
