[0.009s] Invoking command in '/home/demirci/swarm_sim_ws/build/swarm_msgs': CMAKE_PREFIX_PATH=${CMAKE_PREFIX_PATH}:/home/demirci/swarm_sim_ws/install/swarm_sim:/opt/ros/humble /usr/bin/cmake --build /home/demirci/swarm_sim_ws/build/swarm_msgs -- -j16 -l16
[0.037s] [35m[1mConsolidate compiler generated dependencies of target swarm_msgs__rosidl_generator_c[0m
[0.046s] [  6%] Built target swarm_msgs__cpp
[0.046s] [ 12%] Built target swarm_msgs__rosidl_generator_c
[0.051s] [ 12%] Built target ament_cmake_python_copy_swarm_msgs
[0.053s] [35m[1mConsolidate compiler generated dependencies of target swarm_msgs__rosidl_typesupport_introspection_c[0m
[0.053s] [35m[1mConsolidate compiler generated dependencies of target swarm_msgs__rosidl_typesupport_introspection_cpp[0m
[0.055s] [35m[1mConsolidate compiler generated dependencies of target swarm_msgs__rosidl_typesupport_c[0m
[0.055s] [35m[1mConsolidate compiler generated dependencies of target swarm_msgs__rosidl_typesupport_cpp[0m
[0.055s] [35m[1mConsolidate compiler generated dependencies of target swarm_msgs__rosidl_typesupport_fastrtps_c[0m
[0.055s] [35m[1mConsolidate compiler generated dependencies of target swarm_msgs__rosidl_typesupport_fastrtps_cpp[0m
[0.062s] [ 22%] Built target swarm_msgs__rosidl_typesupport_introspection_c
[0.062s] [ 32%] Built target swarm_msgs__rosidl_typesupport_introspection_cpp
[0.063s] [ 41%] Built target swarm_msgs__rosidl_typesupport_cpp
[0.063s] [ 51%] Built target swarm_msgs__rosidl_typesupport_fastrtps_cpp
[0.063s] [ 61%] Built target swarm_msgs__rosidl_typesupport_c
[0.066s] [ 70%] Built target swarm_msgs__rosidl_typesupport_fastrtps_c
[0.080s] [ 70%] Built target swarm_msgs
[0.097s] [ 74%] Built target swarm_msgs__py
[0.105s] [35m[1mConsolidate compiler generated dependencies of target swarm_msgs__rosidl_generator_py[0m
[0.116s] [ 80%] Built target swarm_msgs__rosidl_generator_py
[0.126s] [35m[1mConsolidate compiler generated dependencies of target swarm_msgs__rosidl_typesupport_introspection_c__pyext[0m
[0.126s] [35m[1mConsolidate compiler generated dependencies of target swarm_msgs__rosidl_typesupport_fastrtps_c__pyext[0m
[0.127s] [35m[1mConsolidate compiler generated dependencies of target swarm_msgs__rosidl_typesupport_c__pyext[0m
[0.137s] [ 87%] Built target swarm_msgs__rosidl_typesupport_introspection_c__pyext
[0.138s] [100%] Built target swarm_msgs__rosidl_typesupport_fastrtps_c__pyext
[0.138s] [100%] Built target swarm_msgs__rosidl_typesupport_c__pyext
[0.187s] running egg_info
[0.197s] writing swarm_msgs.egg-info/PKG-INFO
[0.197s] writing dependency_links to swarm_msgs.egg-info/dependency_links.txt
[0.197s] writing top-level names to swarm_msgs.egg-info/top_level.txt
[0.225s] reading manifest file 'swarm_msgs.egg-info/SOURCES.txt'
[0.225s] writing manifest file 'swarm_msgs.egg-info/SOURCES.txt'
[0.247s] [100%] Built target ament_cmake_python_build_swarm_msgs_egg
[0.255s] Invoked command in '/home/demirci/swarm_sim_ws/build/swarm_msgs' returned '0': CMAKE_PREFIX_PATH=${CMAKE_PREFIX_PATH}:/home/demirci/swarm_sim_ws/install/swarm_sim:/opt/ros/humble /usr/bin/cmake --build /home/demirci/swarm_sim_ws/build/swarm_msgs -- -j16 -l16
[0.264s] Invoking command in '/home/demirci/swarm_sim_ws/build/swarm_msgs': CMAKE_PREFIX_PATH=${CMAKE_PREFIX_PATH}:/home/demirci/swarm_sim_ws/install/swarm_sim:/opt/ros/humble /usr/bin/cmake --install /home/demirci/swarm_sim_ws/build/swarm_msgs
[0.268s] -- Install configuration: ""
[0.268s] -- Up-to-date: /home/demirci/swarm_sim_ws/install/swarm_msgs/share/ament_index/resource_index/rosidl_interfaces/swarm_msgs
[0.269s] -- Up-to-date: /home/demirci/swarm_sim_ws/install/swarm_msgs/include/swarm_msgs/swarm_msgs
[0.269s] -- Up-to-date: /home/demirci/swarm_sim_ws/install/swarm_msgs/include/swarm_msgs/swarm_msgs/msg
[0.269s] -- Up-to-date: /home/demirci/swarm_sim_ws/install/swarm_msgs/include/swarm_msgs/swarm_msgs/msg/detail
[0.269s] -- Up-to-date: /home/demirci/swarm_sim_ws/install/swarm_msgs/include/swarm_msgs/swarm_msgs/msg/detail/drone_state__functions.h
[0.269s] -- Up-to-date: /home/demirci/swarm_sim_ws/install/swarm_msgs/include/swarm_msgs/swarm_msgs/msg/detail/drone_state__struct.h
[0.269s] -- Up-to-date: /home/demirci/swarm_sim_ws/install/swarm_msgs/include/swarm_msgs/swarm_msgs/msg/detail/drone_state__type_support.h
[0.269s] -- Up-to-date: /home/demirci/swarm_sim_ws/install/swarm_msgs/include/swarm_msgs/swarm_msgs/msg/detail/drone_state__functions.c
[0.269s] -- Up-to-date: /home/demirci/swarm_sim_ws/install/swarm_msgs/include/swarm_msgs/swarm_msgs/msg/rosidl_generator_c__visibility_control.h
[0.269s] -- Up-to-date: /home/demirci/swarm_sim_ws/install/swarm_msgs/include/swarm_msgs/swarm_msgs/msg/drone_state.h
[0.269s] -- Up-to-date: /home/demirci/swarm_sim_ws/install/swarm_msgs/share/swarm_msgs/environment/library_path.sh
[0.269s] -- Up-to-date: /home/demirci/swarm_sim_ws/install/swarm_msgs/share/swarm_msgs/environment/library_path.dsv
[0.269s] -- Up-to-date: /home/demirci/swarm_sim_ws/install/swarm_msgs/lib/libswarm_msgs__rosidl_generator_c.so
[0.269s] -- Up-to-date: /home/demirci/swarm_sim_ws/install/swarm_msgs/include/swarm_msgs/swarm_msgs
[0.269s] -- Up-to-date: /home/demirci/swarm_sim_ws/install/swarm_msgs/include/swarm_msgs/swarm_msgs/msg
[0.270s] -- Up-to-date: /home/demirci/swarm_sim_ws/install/swarm_msgs/include/swarm_msgs/swarm_msgs/msg/detail
[0.270s] -- Up-to-date: /home/demirci/swarm_sim_ws/install/swarm_msgs/include/swarm_msgs/swarm_msgs/msg/detail/drone_state__rosidl_typesupport_fastrtps_c.h
[0.270s] -- Up-to-date: /home/demirci/swarm_sim_ws/install/swarm_msgs/include/swarm_msgs/swarm_msgs/msg/rosidl_typesupport_fastrtps_c__visibility_control.h
[0.270s] -- Up-to-date: /home/demirci/swarm_sim_ws/install/swarm_msgs/lib/libswarm_msgs__rosidl_typesupport_fastrtps_c.so
[0.270s] -- Up-to-date: /home/demirci/swarm_sim_ws/install/swarm_msgs/include/swarm_msgs/swarm_msgs
[0.270s] -- Up-to-date: /home/demirci/swarm_sim_ws/install/swarm_msgs/include/swarm_msgs/swarm_msgs/msg
[0.270s] -- Up-to-date: /home/demirci/swarm_sim_ws/install/swarm_msgs/include/swarm_msgs/swarm_msgs/msg/detail
[0.270s] -- Up-to-date: /home/demirci/swarm_sim_ws/install/swarm_msgs/include/swarm_msgs/swarm_msgs/msg/detail/drone_state__type_support.c
[0.270s] -- Up-to-date: /home/demirci/swarm_sim_ws/install/swarm_msgs/include/swarm_msgs/swarm_msgs/msg/detail/drone_state__rosidl_typesupport_introspection_c.h
[0.270s] -- Up-to-date: /home/demirci/swarm_sim_ws/install/swarm_msgs/include/swarm_msgs/swarm_msgs/msg/rosidl_typesupport_introspection_c__visibility_control.h
[0.270s] -- Up-to-date: /home/demirci/swarm_sim_ws/install/swarm_msgs/lib/libswarm_msgs__rosidl_typesupport_introspection_c.so
[0.270s] -- Up-to-date: /home/demirci/swarm_sim_ws/install/swarm_msgs/lib/libswarm_msgs__rosidl_typesupport_c.so
[0.270s] -- Up-to-date: /home/demirci/swarm_sim_ws/install/swarm_msgs/include/swarm_msgs/swarm_msgs
[0.270s] -- Up-to-date: /home/demirci/swarm_sim_ws/install/swarm_msgs/include/swarm_msgs/swarm_msgs/msg
[0.270s] -- Up-to-date: /home/demirci/swarm_sim_ws/install/swarm_msgs/include/swarm_msgs/swarm_msgs/msg/drone_state.hpp
[0.270s] -- Up-to-date: /home/demirci/swarm_sim_ws/install/swarm_msgs/include/swarm_msgs/swarm_msgs/msg/rosidl_generator_cpp__visibility_control.hpp
[0.271s] -- Up-to-date: /home/demirci/swarm_sim_ws/install/swarm_msgs/include/swarm_msgs/swarm_msgs/msg/detail
[0.271s] -- Up-to-date: /home/demirci/swarm_sim_ws/install/swarm_msgs/include/swarm_msgs/swarm_msgs/msg/detail/drone_state__type_support.hpp
[0.271s] -- Up-to-date: /home/demirci/swarm_sim_ws/install/swarm_msgs/include/swarm_msgs/swarm_msgs/msg/detail/drone_state__traits.hpp
[0.271s] -- Up-to-date: /home/demirci/swarm_sim_ws/install/swarm_msgs/include/swarm_msgs/swarm_msgs/msg/detail/drone_state__builder.hpp
[0.271s] -- Up-to-date: /home/demirci/swarm_sim_ws/install/swarm_msgs/include/swarm_msgs/swarm_msgs/msg/detail/drone_state__struct.hpp
[0.271s] -- Up-to-date: /home/demirci/swarm_sim_ws/install/swarm_msgs/include/swarm_msgs/swarm_msgs
[0.271s] -- Up-to-date: /home/demirci/swarm_sim_ws/install/swarm_msgs/include/swarm_msgs/swarm_msgs/msg
[0.271s] -- Up-to-date: /home/demirci/swarm_sim_ws/install/swarm_msgs/include/swarm_msgs/swarm_msgs/msg/detail
[0.271s] -- Up-to-date: /home/demirci/swarm_sim_ws/install/swarm_msgs/include/swarm_msgs/swarm_msgs/msg/detail/dds_fastrtps
[0.271s] -- Up-to-date: /home/demirci/swarm_sim_ws/install/swarm_msgs/include/swarm_msgs/swarm_msgs/msg/detail/drone_state__rosidl_typesupport_fastrtps_cpp.hpp
[0.271s] -- Up-to-date: /home/demirci/swarm_sim_ws/install/swarm_msgs/include/swarm_msgs/swarm_msgs/msg/rosidl_typesupport_fastrtps_cpp__visibility_control.h
[0.271s] -- Up-to-date: /home/demirci/swarm_sim_ws/install/swarm_msgs/lib/libswarm_msgs__rosidl_typesupport_fastrtps_cpp.so
[0.271s] -- Up-to-date: /home/demirci/swarm_sim_ws/install/swarm_msgs/include/swarm_msgs/swarm_msgs
[0.271s] -- Up-to-date: /home/demirci/swarm_sim_ws/install/swarm_msgs/include/swarm_msgs/swarm_msgs/msg
[0.271s] -- Up-to-date: /home/demirci/swarm_sim_ws/install/swarm_msgs/include/swarm_msgs/swarm_msgs/msg/detail
[0.271s] -- Up-to-date: /home/demirci/swarm_sim_ws/install/swarm_msgs/include/swarm_msgs/swarm_msgs/msg/detail/drone_state__rosidl_typesupport_introspection_cpp.hpp
[0.271s] -- Up-to-date: /home/demirci/swarm_sim_ws/install/swarm_msgs/include/swarm_msgs/swarm_msgs/msg/detail/drone_state__type_support.cpp
[0.272s] -- Up-to-date: /home/demirci/swarm_sim_ws/install/swarm_msgs/lib/libswarm_msgs__rosidl_typesupport_introspection_cpp.so
[0.272s] -- Up-to-date: /home/demirci/swarm_sim_ws/install/swarm_msgs/lib/libswarm_msgs__rosidl_typesupport_cpp.so
[0.272s] -- Up-to-date: /home/demirci/swarm_sim_ws/install/swarm_msgs/share/swarm_msgs/environment/pythonpath.sh
[0.272s] -- Up-to-date: /home/demirci/swarm_sim_ws/install/swarm_msgs/share/swarm_msgs/environment/pythonpath.dsv
[0.272s] -- Up-to-date: /home/demirci/swarm_sim_ws/install/swarm_msgs/local/lib/python3.10/dist-packages/swarm_msgs-0.0.1-py3.10.egg-info
[0.272s] -- Installing: /home/demirci/swarm_sim_ws/install/swarm_msgs/local/lib/python3.10/dist-packages/swarm_msgs-0.0.1-py3.10.egg-info/PKG-INFO
[0.272s] -- Installing: /home/demirci/swarm_sim_ws/install/swarm_msgs/local/lib/python3.10/dist-packages/swarm_msgs-0.0.1-py3.10.egg-info/top_level.txt
[0.272s] -- Installing: /home/demirci/swarm_sim_ws/install/swarm_msgs/local/lib/python3.10/dist-packages/swarm_msgs-0.0.1-py3.10.egg-info/dependency_links.txt
[0.272s] -- Installing: /home/demirci/swarm_sim_ws/install/swarm_msgs/local/lib/python3.10/dist-packages/swarm_msgs-0.0.1-py3.10.egg-info/SOURCES.txt
[0.272s] -- Up-to-date: /home/demirci/swarm_sim_ws/install/swarm_msgs/local/lib/python3.10/dist-packages/swarm_msgs
[0.272s] -- Up-to-date: /home/demirci/swarm_sim_ws/install/swarm_msgs/local/lib/python3.10/dist-packages/swarm_msgs/msg
[0.272s] -- Up-to-date: /home/demirci/swarm_sim_ws/install/swarm_msgs/local/lib/python3.10/dist-packages/swarm_msgs/msg/__init__.py
[0.272s] -- Up-to-date: /home/demirci/swarm_sim_ws/install/swarm_msgs/local/lib/python3.10/dist-packages/swarm_msgs/msg/_drone_state_s.c
[0.272s] -- Up-to-date: /home/demirci/swarm_sim_ws/install/swarm_msgs/local/lib/python3.10/dist-packages/swarm_msgs/msg/_drone_state.py
[0.272s] -- Up-to-date: /home/demirci/swarm_sim_ws/install/swarm_msgs/local/lib/python3.10/dist-packages/swarm_msgs/swarm_msgs_s__rosidl_typesupport_c.cpython-310-x86_64-linux-gnu.so
[0.272s] -- Up-to-date: /home/demirci/swarm_sim_ws/install/swarm_msgs/local/lib/python3.10/dist-packages/swarm_msgs/_swarm_msgs_s.ep.rosidl_typesupport_fastrtps_c.c
[0.272s] -- Up-to-date: /home/demirci/swarm_sim_ws/install/swarm_msgs/local/lib/python3.10/dist-packages/swarm_msgs/_swarm_msgs_s.ep.rosidl_typesupport_c.c
[0.273s] -- Up-to-date: /home/demirci/swarm_sim_ws/install/swarm_msgs/local/lib/python3.10/dist-packages/swarm_msgs/__init__.py
[0.273s] -- Up-to-date: /home/demirci/swarm_sim_ws/install/swarm_msgs/local/lib/python3.10/dist-packages/swarm_msgs/swarm_msgs_s__rosidl_typesupport_fastrtps_c.cpython-310-x86_64-linux-gnu.so
[0.273s] -- Up-to-date: /home/demirci/swarm_sim_ws/install/swarm_msgs/local/lib/python3.10/dist-packages/swarm_msgs/swarm_msgs_s__rosidl_typesupport_introspection_c.cpython-310-x86_64-linux-gnu.so
[0.273s] -- Up-to-date: /home/demirci/swarm_sim_ws/install/swarm_msgs/local/lib/python3.10/dist-packages/swarm_msgs/libswarm_msgs__rosidl_generator_py.so
[0.273s] -- Up-to-date: /home/demirci/swarm_sim_ws/install/swarm_msgs/local/lib/python3.10/dist-packages/swarm_msgs/_swarm_msgs_s.ep.rosidl_typesupport_introspection_c.c
[0.293s] Listing '/home/demirci/swarm_sim_ws/install/swarm_msgs/local/lib/python3.10/dist-packages/swarm_msgs'...
[0.293s] Listing '/home/demirci/swarm_sim_ws/install/swarm_msgs/local/lib/python3.10/dist-packages/swarm_msgs/msg'...
[0.296s] -- Up-to-date: /home/demirci/swarm_sim_ws/install/swarm_msgs/local/lib/python3.10/dist-packages/swarm_msgs/swarm_msgs_s__rosidl_typesupport_fastrtps_c.cpython-310-x86_64-linux-gnu.so
[0.296s] -- Up-to-date: /home/demirci/swarm_sim_ws/install/swarm_msgs/local/lib/python3.10/dist-packages/swarm_msgs/swarm_msgs_s__rosidl_typesupport_introspection_c.cpython-310-x86_64-linux-gnu.so
[0.296s] -- Up-to-date: /home/demirci/swarm_sim_ws/install/swarm_msgs/local/lib/python3.10/dist-packages/swarm_msgs/swarm_msgs_s__rosidl_typesupport_c.cpython-310-x86_64-linux-gnu.so
[0.296s] -- Up-to-date: /home/demirci/swarm_sim_ws/install/swarm_msgs/lib/libswarm_msgs__rosidl_generator_py.so
[0.296s] -- Up-to-date: /home/demirci/swarm_sim_ws/install/swarm_msgs/share/swarm_msgs/msg/DroneState.idl
[0.296s] -- Up-to-date: /home/demirci/swarm_sim_ws/install/swarm_msgs/share/swarm_msgs/msg/DroneState.msg
[0.296s] -- Up-to-date: /home/demirci/swarm_sim_ws/install/swarm_msgs/share/ament_index/resource_index/package_run_dependencies/swarm_msgs
[0.296s] -- Up-to-date: /home/demirci/swarm_sim_ws/install/swarm_msgs/share/ament_index/resource_index/parent_prefix_path/swarm_msgs
[0.296s] -- Up-to-date: /home/demirci/swarm_sim_ws/install/swarm_msgs/share/swarm_msgs/environment/ament_prefix_path.sh
[0.296s] -- Up-to-date: /home/demirci/swarm_sim_ws/install/swarm_msgs/share/swarm_msgs/environment/ament_prefix_path.dsv
[0.297s] -- Up-to-date: /home/demirci/swarm_sim_ws/install/swarm_msgs/share/swarm_msgs/environment/path.sh
[0.297s] -- Up-to-date: /home/demirci/swarm_sim_ws/install/swarm_msgs/share/swarm_msgs/environment/path.dsv
[0.297s] -- Up-to-date: /home/demirci/swarm_sim_ws/install/swarm_msgs/share/swarm_msgs/local_setup.bash
[0.297s] -- Up-to-date: /home/demirci/swarm_sim_ws/install/swarm_msgs/share/swarm_msgs/local_setup.sh
[0.297s] -- Up-to-date: /home/demirci/swarm_sim_ws/install/swarm_msgs/share/swarm_msgs/local_setup.zsh
[0.297s] -- Up-to-date: /home/demirci/swarm_sim_ws/install/swarm_msgs/share/swarm_msgs/local_setup.dsv
[0.297s] -- Up-to-date: /home/demirci/swarm_sim_ws/install/swarm_msgs/share/swarm_msgs/package.dsv
[0.297s] -- Up-to-date: /home/demirci/swarm_sim_ws/install/swarm_msgs/share/ament_index/resource_index/packages/swarm_msgs
[0.297s] -- Up-to-date: /home/demirci/swarm_sim_ws/install/swarm_msgs/share/swarm_msgs/cmake/export_swarm_msgs__rosidl_generator_cExport.cmake
[0.297s] -- Up-to-date: /home/demirci/swarm_sim_ws/install/swarm_msgs/share/swarm_msgs/cmake/export_swarm_msgs__rosidl_generator_cExport-noconfig.cmake
[0.297s] -- Up-to-date: /home/demirci/swarm_sim_ws/install/swarm_msgs/share/swarm_msgs/cmake/export_swarm_msgs__rosidl_typesupport_fastrtps_cExport.cmake
[0.297s] -- Up-to-date: /home/demirci/swarm_sim_ws/install/swarm_msgs/share/swarm_msgs/cmake/export_swarm_msgs__rosidl_typesupport_fastrtps_cExport-noconfig.cmake
[0.297s] -- Up-to-date: /home/demirci/swarm_sim_ws/install/swarm_msgs/share/swarm_msgs/cmake/swarm_msgs__rosidl_typesupport_introspection_cExport.cmake
[0.297s] -- Up-to-date: /home/demirci/swarm_sim_ws/install/swarm_msgs/share/swarm_msgs/cmake/swarm_msgs__rosidl_typesupport_introspection_cExport-noconfig.cmake
[0.297s] -- Up-to-date: /home/demirci/swarm_sim_ws/install/swarm_msgs/share/swarm_msgs/cmake/swarm_msgs__rosidl_typesupport_cExport.cmake
[0.297s] -- Up-to-date: /home/demirci/swarm_sim_ws/install/swarm_msgs/share/swarm_msgs/cmake/swarm_msgs__rosidl_typesupport_cExport-noconfig.cmake
[0.298s] -- Up-to-date: /home/demirci/swarm_sim_ws/install/swarm_msgs/share/swarm_msgs/cmake/export_swarm_msgs__rosidl_generator_cppExport.cmake
[0.298s] -- Up-to-date: /home/demirci/swarm_sim_ws/install/swarm_msgs/share/swarm_msgs/cmake/export_swarm_msgs__rosidl_typesupport_fastrtps_cppExport.cmake
[0.298s] -- Up-to-date: /home/demirci/swarm_sim_ws/install/swarm_msgs/share/swarm_msgs/cmake/export_swarm_msgs__rosidl_typesupport_fastrtps_cppExport-noconfig.cmake
[0.298s] -- Up-to-date: /home/demirci/swarm_sim_ws/install/swarm_msgs/share/swarm_msgs/cmake/swarm_msgs__rosidl_typesupport_introspection_cppExport.cmake
[0.298s] -- Up-to-date: /home/demirci/swarm_sim_ws/install/swarm_msgs/share/swarm_msgs/cmake/swarm_msgs__rosidl_typesupport_introspection_cppExport-noconfig.cmake
[0.298s] -- Up-to-date: /home/demirci/swarm_sim_ws/install/swarm_msgs/share/swarm_msgs/cmake/swarm_msgs__rosidl_typesupport_cppExport.cmake
[0.298s] -- Up-to-date: /home/demirci/swarm_sim_ws/install/swarm_msgs/share/swarm_msgs/cmake/swarm_msgs__rosidl_typesupport_cppExport-noconfig.cmake
[0.298s] -- Up-to-date: /home/demirci/swarm_sim_ws/install/swarm_msgs/share/swarm_msgs/cmake/export_swarm_msgs__rosidl_generator_pyExport.cmake
[0.298s] -- Up-to-date: /home/demirci/swarm_sim_ws/install/swarm_msgs/share/swarm_msgs/cmake/export_swarm_msgs__rosidl_generator_pyExport-noconfig.cmake
[0.298s] -- Up-to-date: /home/demirci/swarm_sim_ws/install/swarm_msgs/share/swarm_msgs/cmake/rosidl_cmake-extras.cmake
[0.298s] -- Up-to-date: /home/demirci/swarm_sim_ws/install/swarm_msgs/share/swarm_msgs/cmake/ament_cmake_export_dependencies-extras.cmake
[0.298s] -- Up-to-date: /home/demirci/swarm_sim_ws/install/swarm_msgs/share/swarm_msgs/cmake/ament_cmake_export_include_directories-extras.cmake
[0.298s] -- Up-to-date: /home/demirci/swarm_sim_ws/install/swarm_msgs/share/swarm_msgs/cmake/ament_cmake_export_libraries-extras.cmake
[0.298s] -- Up-to-date: /home/demirci/swarm_sim_ws/install/swarm_msgs/share/swarm_msgs/cmake/ament_cmake_export_targets-extras.cmake
[0.299s] -- Up-to-date: /home/demirci/swarm_sim_ws/install/swarm_msgs/share/swarm_msgs/cmake/rosidl_cmake_export_typesupport_targets-extras.cmake
[0.299s] -- Up-to-date: /home/demirci/swarm_sim_ws/install/swarm_msgs/share/swarm_msgs/cmake/rosidl_cmake_export_typesupport_libraries-extras.cmake
[0.299s] -- Up-to-date: /home/demirci/swarm_sim_ws/install/swarm_msgs/share/swarm_msgs/cmake/swarm_msgsConfig.cmake
[0.299s] -- Up-to-date: /home/demirci/swarm_sim_ws/install/swarm_msgs/share/swarm_msgs/cmake/swarm_msgsConfig-version.cmake
[0.299s] -- Up-to-date: /home/demirci/swarm_sim_ws/install/swarm_msgs/share/swarm_msgs/package.xml
[0.300s] Invoked command in '/home/demirci/swarm_sim_ws/build/swarm_msgs' returned '0': CMAKE_PREFIX_PATH=${CMAKE_PREFIX_PATH}:/home/demirci/swarm_sim_ws/install/swarm_sim:/opt/ros/humble /usr/bin/cmake --install /home/demirci/swarm_sim_ws/build/swarm_msgs
