[0.060s] DEBUG:colcon:Command line arguments: ['/usr/bin/colcon', 'build']
[0.060s] DEBUG:colcon:Parsed command line arguments: Namespace(log_base=None, log_level=None, verb_name='build', build_base='build', install_base='install', merge_install=False, symlink_install=False, test_result_base=None, continue_on_error=False, executor='parallel', parallel_workers=16, event_handlers=None, ignore_user_meta=False, metas=['./colcon.meta'], base_paths=['.'], packages_ignore=None, packages_ignore_regex=None, paths=None, packages_up_to=None, packages_up_to_regex=None, packages_above=None, packages_above_and_dependencies=None, packages_above_depth=None, packages_select_by_dep=None, packages_skip_by_dep=None, packages_skip_up_to=None, packages_select_build_failed=False, packages_skip_build_finished=False, packages_select_test_failures=False, packages_skip_test_passed=False, packages_select=None, packages_skip=None, packages_select_regex=None, packages_skip_regex=None, packages_start=None, packages_end=None, allow_overriding=[], cmake_args=None, cmake_target=None, cmake_target_skip_unavailable=False, cmake_clean_cache=False, cmake_clean_first=False, cmake_force_configure=False, ament_cmake_args=None, catkin_cmake_args=None, catkin_skip_building_tests=False, mixin_files=None, mixin=None, verb_parser=<colcon_mixin.mixin.mixin_argument.MixinArgumentDecorator object at 0x7e605ea61300>, verb_extension=<colcon_core.verb.build.BuildVerb object at 0x7e605ea60df0>, main=<bound method BuildVerb.main of <colcon_core.verb.build.BuildVerb object at 0x7e605ea60df0>>, mixin_verb=('build',))
[0.082s] Level 1:colcon.colcon_core.package_discovery:discover_packages(colcon_meta) check parameters
[0.082s] Level 1:colcon.colcon_core.package_discovery:discover_packages(recursive) check parameters
[0.082s] Level 1:colcon.colcon_core.package_discovery:discover_packages(ignore) check parameters
[0.082s] Level 1:colcon.colcon_core.package_discovery:discover_packages(path) check parameters
[0.082s] Level 1:colcon.colcon_core.package_discovery:discover_packages(colcon_meta) discover
[0.082s] Level 1:colcon.colcon_core.package_discovery:discover_packages(recursive) discover
[0.082s] INFO:colcon.colcon_core.package_discovery:Crawling recursively for packages in '/home/demirci/swarm_sim_ws'
[0.082s] Level 1:colcon.colcon_core.package_identification:_identify(.) by extensions ['ignore', 'ignore_ament_install']
[0.082s] Level 1:colcon.colcon_core.package_identification:_identify(.) by extension 'ignore'
[0.082s] Level 1:colcon.colcon_core.package_identification:_identify(.) by extension 'ignore_ament_install'
[0.082s] Level 1:colcon.colcon_core.package_identification:_identify(.) by extensions ['colcon_pkg']
[0.082s] Level 1:colcon.colcon_core.package_identification:_identify(.) by extension 'colcon_pkg'
[0.082s] Level 1:colcon.colcon_core.package_identification:_identify(.) by extensions ['colcon_meta']
[0.082s] Level 1:colcon.colcon_core.package_identification:_identify(.) by extension 'colcon_meta'
[0.082s] Level 1:colcon.colcon_core.package_identification:_identify(.) by extensions ['ros']
[0.082s] Level 1:colcon.colcon_core.package_identification:_identify(.) by extension 'ros'
[0.090s] Level 1:colcon.colcon_core.package_identification:_identify(.) by extensions ['cmake', 'python']
[0.090s] Level 1:colcon.colcon_core.package_identification:_identify(.) by extension 'cmake'
[0.091s] Level 1:colcon.colcon_core.package_identification:_identify(.) by extension 'python'
[0.091s] Level 1:colcon.colcon_core.package_identification:_identify(.) by extensions ['python_setup_py']
[0.091s] Level 1:colcon.colcon_core.package_identification:_identify(.) by extension 'python_setup_py'
[0.091s] Level 1:colcon.colcon_core.package_identification:_identify(build) by extensions ['ignore', 'ignore_ament_install']
[0.091s] Level 1:colcon.colcon_core.package_identification:_identify(build) by extension 'ignore'
[0.091s] Level 1:colcon.colcon_core.package_identification:_identify(build) ignored
[0.091s] Level 1:colcon.colcon_core.package_identification:_identify(install) by extensions ['ignore', 'ignore_ament_install']
[0.091s] Level 1:colcon.colcon_core.package_identification:_identify(install) by extension 'ignore'
[0.091s] Level 1:colcon.colcon_core.package_identification:_identify(install) ignored
[0.091s] Level 1:colcon.colcon_core.package_identification:_identify(log) by extensions ['ignore', 'ignore_ament_install']
[0.091s] Level 1:colcon.colcon_core.package_identification:_identify(log) by extension 'ignore'
[0.091s] Level 1:colcon.colcon_core.package_identification:_identify(log) ignored
[0.091s] Level 1:colcon.colcon_core.package_identification:_identify(src) by extensions ['ignore', 'ignore_ament_install']
[0.091s] Level 1:colcon.colcon_core.package_identification:_identify(src) by extension 'ignore'
[0.091s] Level 1:colcon.colcon_core.package_identification:_identify(src) by extension 'ignore_ament_install'
[0.091s] Level 1:colcon.colcon_core.package_identification:_identify(src) by extensions ['colcon_pkg']
[0.091s] Level 1:colcon.colcon_core.package_identification:_identify(src) by extension 'colcon_pkg'
[0.091s] Level 1:colcon.colcon_core.package_identification:_identify(src) by extensions ['colcon_meta']
[0.091s] Level 1:colcon.colcon_core.package_identification:_identify(src) by extension 'colcon_meta'
[0.091s] Level 1:colcon.colcon_core.package_identification:_identify(src) by extensions ['ros']
[0.091s] Level 1:colcon.colcon_core.package_identification:_identify(src) by extension 'ros'
[0.091s] Level 1:colcon.colcon_core.package_identification:_identify(src) by extensions ['cmake', 'python']
[0.091s] Level 1:colcon.colcon_core.package_identification:_identify(src) by extension 'cmake'
[0.091s] Level 1:colcon.colcon_core.package_identification:_identify(src) by extension 'python'
[0.091s] Level 1:colcon.colcon_core.package_identification:_identify(src) by extensions ['python_setup_py']
[0.091s] Level 1:colcon.colcon_core.package_identification:_identify(src) by extension 'python_setup_py'
[0.091s] Level 1:colcon.colcon_core.package_identification:_identify(src/swarm_msgs) by extensions ['ignore', 'ignore_ament_install']
[0.091s] Level 1:colcon.colcon_core.package_identification:_identify(src/swarm_msgs) by extension 'ignore'
[0.091s] Level 1:colcon.colcon_core.package_identification:_identify(src/swarm_msgs) by extension 'ignore_ament_install'
[0.091s] Level 1:colcon.colcon_core.package_identification:_identify(src/swarm_msgs) by extensions ['colcon_pkg']
[0.091s] Level 1:colcon.colcon_core.package_identification:_identify(src/swarm_msgs) by extension 'colcon_pkg'
[0.091s] Level 1:colcon.colcon_core.package_identification:_identify(src/swarm_msgs) by extensions ['colcon_meta']
[0.091s] Level 1:colcon.colcon_core.package_identification:_identify(src/swarm_msgs) by extension 'colcon_meta'
[0.091s] Level 1:colcon.colcon_core.package_identification:_identify(src/swarm_msgs) by extensions ['ros']
[0.091s] Level 1:colcon.colcon_core.package_identification:_identify(src/swarm_msgs) by extension 'ros'
[0.093s] DEBUG:colcon.colcon_core.package_identification:Package 'src/swarm_msgs' with type 'ros.ament_cmake' and name 'swarm_msgs'
[0.093s] Level 1:colcon.colcon_core.package_identification:_identify(src/swarm_sim) by extensions ['ignore', 'ignore_ament_install']
[0.093s] Level 1:colcon.colcon_core.package_identification:_identify(src/swarm_sim) by extension 'ignore'
[0.093s] Level 1:colcon.colcon_core.package_identification:_identify(src/swarm_sim) by extension 'ignore_ament_install'
[0.093s] Level 1:colcon.colcon_core.package_identification:_identify(src/swarm_sim) by extensions ['colcon_pkg']
[0.093s] Level 1:colcon.colcon_core.package_identification:_identify(src/swarm_sim) by extension 'colcon_pkg'
[0.093s] Level 1:colcon.colcon_core.package_identification:_identify(src/swarm_sim) by extensions ['colcon_meta']
[0.093s] Level 1:colcon.colcon_core.package_identification:_identify(src/swarm_sim) by extension 'colcon_meta'
[0.093s] Level 1:colcon.colcon_core.package_identification:_identify(src/swarm_sim) by extensions ['ros']
[0.093s] Level 1:colcon.colcon_core.package_identification:_identify(src/swarm_sim) by extension 'ros'
[0.093s] DEBUG:colcon.colcon_core.package_identification:Package 'src/swarm_sim' with type 'ros.ament_python' and name 'swarm_sim'
[0.093s] Level 1:colcon.colcon_core.package_discovery:discover_packages(recursive) using defaults
[0.094s] Level 1:colcon.colcon_core.package_discovery:discover_packages(ignore) discover
[0.094s] Level 1:colcon.colcon_core.package_discovery:discover_packages(ignore) using defaults
[0.094s] Level 1:colcon.colcon_core.package_discovery:discover_packages(path) discover
[0.094s] Level 1:colcon.colcon_core.package_discovery:discover_packages(path) using defaults
[0.106s] Level 1:colcon.colcon_core.package_discovery:discover_packages(prefix_path) check parameters
[0.106s] Level 1:colcon.colcon_core.package_discovery:discover_packages(prefix_path) discover
[0.106s] DEBUG:colcon.colcon_installed_package_information.package_discovery:Found 2 installed packages in /home/demirci/swarm_sim_ws/install
[0.107s] DEBUG:colcon.colcon_installed_package_information.package_discovery:Found 298 installed packages in /opt/ros/humble
[0.108s] Level 1:colcon.colcon_core.package_discovery:discover_packages(prefix_path) using defaults
[0.127s] Level 5:colcon.colcon_core.verb:set package 'swarm_msgs' build argument 'cmake_args' from command line to 'None'
[0.127s] Level 5:colcon.colcon_core.verb:set package 'swarm_msgs' build argument 'cmake_target' from command line to 'None'
[0.127s] Level 5:colcon.colcon_core.verb:set package 'swarm_msgs' build argument 'cmake_target_skip_unavailable' from command line to 'False'
[0.127s] Level 5:colcon.colcon_core.verb:set package 'swarm_msgs' build argument 'cmake_clean_cache' from command line to 'False'
[0.127s] Level 5:colcon.colcon_core.verb:set package 'swarm_msgs' build argument 'cmake_clean_first' from command line to 'False'
[0.127s] Level 5:colcon.colcon_core.verb:set package 'swarm_msgs' build argument 'cmake_force_configure' from command line to 'False'
[0.127s] Level 5:colcon.colcon_core.verb:set package 'swarm_msgs' build argument 'ament_cmake_args' from command line to 'None'
[0.127s] Level 5:colcon.colcon_core.verb:set package 'swarm_msgs' build argument 'catkin_cmake_args' from command line to 'None'
[0.127s] Level 5:colcon.colcon_core.verb:set package 'swarm_msgs' build argument 'catkin_skip_building_tests' from command line to 'False'
[0.127s] DEBUG:colcon.colcon_core.verb:Building package 'swarm_msgs' with the following arguments: {'ament_cmake_args': None, 'build_base': '/home/demirci/swarm_sim_ws/build/swarm_msgs', 'catkin_cmake_args': None, 'catkin_skip_building_tests': False, 'cmake_args': None, 'cmake_clean_cache': False, 'cmake_clean_first': False, 'cmake_force_configure': False, 'cmake_target': None, 'cmake_target_skip_unavailable': False, 'install_base': '/home/demirci/swarm_sim_ws/install/swarm_msgs', 'merge_install': False, 'path': '/home/demirci/swarm_sim_ws/src/swarm_msgs', 'symlink_install': False, 'test_result_base': None}
[0.127s] Level 5:colcon.colcon_core.verb:set package 'swarm_sim' build argument 'cmake_args' from command line to 'None'
[0.127s] Level 5:colcon.colcon_core.verb:set package 'swarm_sim' build argument 'cmake_target' from command line to 'None'
[0.127s] Level 5:colcon.colcon_core.verb:set package 'swarm_sim' build argument 'cmake_target_skip_unavailable' from command line to 'False'
[0.127s] Level 5:colcon.colcon_core.verb:set package 'swarm_sim' build argument 'cmake_clean_cache' from command line to 'False'
[0.127s] Level 5:colcon.colcon_core.verb:set package 'swarm_sim' build argument 'cmake_clean_first' from command line to 'False'
[0.127s] Level 5:colcon.colcon_core.verb:set package 'swarm_sim' build argument 'cmake_force_configure' from command line to 'False'
[0.127s] Level 5:colcon.colcon_core.verb:set package 'swarm_sim' build argument 'ament_cmake_args' from command line to 'None'
[0.127s] Level 5:colcon.colcon_core.verb:set package 'swarm_sim' build argument 'catkin_cmake_args' from command line to 'None'
[0.127s] Level 5:colcon.colcon_core.verb:set package 'swarm_sim' build argument 'catkin_skip_building_tests' from command line to 'False'
[0.127s] DEBUG:colcon.colcon_core.verb:Building package 'swarm_sim' with the following arguments: {'ament_cmake_args': None, 'build_base': '/home/demirci/swarm_sim_ws/build/swarm_sim', 'catkin_cmake_args': None, 'catkin_skip_building_tests': False, 'cmake_args': None, 'cmake_clean_cache': False, 'cmake_clean_first': False, 'cmake_force_configure': False, 'cmake_target': None, 'cmake_target_skip_unavailable': False, 'install_base': '/home/demirci/swarm_sim_ws/install/swarm_sim', 'merge_install': False, 'path': '/home/demirci/swarm_sim_ws/src/swarm_sim', 'symlink_install': False, 'test_result_base': None}
[0.128s] INFO:colcon.colcon_core.executor:Executing jobs using 'parallel' executor
[0.128s] DEBUG:colcon.colcon_parallel_executor.executor.parallel:run_until_complete
[0.128s] INFO:colcon.colcon_ros.task.ament_cmake.build:Building ROS package in '/home/demirci/swarm_sim_ws/src/swarm_msgs' with build type 'ament_cmake'
[0.128s] INFO:colcon.colcon_cmake.task.cmake.build:Building CMake package in '/home/demirci/swarm_sim_ws/src/swarm_msgs'
[0.129s] INFO:colcon.colcon_core.plugin_system:Skipping extension 'colcon_core.shell.bat': Not used on non-Windows systems
[0.130s] INFO:colcon.colcon_core.shell:Skip shell extension 'powershell' for command environment: Not usable outside of PowerShell
[0.130s] DEBUG:colcon.colcon_core.shell:Skip shell extension 'dsv' for command environment
[0.131s] INFO:colcon.colcon_ros.task.ament_python.build:Building ROS package in '/home/demirci/swarm_sim_ws/src/swarm_sim' with build type 'ament_python'
[0.132s] Level 1:colcon.colcon_core.shell:create_environment_hook('swarm_sim', 'ament_prefix_path')
[0.132s] INFO:colcon.colcon_core.shell:Creating environment hook '/home/demirci/swarm_sim_ws/install/swarm_sim/share/swarm_sim/hook/ament_prefix_path.ps1'
[0.133s] INFO:colcon.colcon_core.shell:Creating environment descriptor '/home/demirci/swarm_sim_ws/install/swarm_sim/share/swarm_sim/hook/ament_prefix_path.dsv'
[0.133s] INFO:colcon.colcon_core.shell:Creating environment hook '/home/demirci/swarm_sim_ws/install/swarm_sim/share/swarm_sim/hook/ament_prefix_path.sh'
[0.133s] INFO:colcon.colcon_core.shell:Skip shell extension 'powershell' for command environment: Not usable outside of PowerShell
[0.133s] DEBUG:colcon.colcon_core.shell:Skip shell extension 'dsv' for command environment
[0.137s] DEBUG:colcon.colcon_core.event_handler.log_command:Invoking command in '/home/demirci/swarm_sim_ws/build/swarm_msgs': CMAKE_PREFIX_PATH=${CMAKE_PREFIX_PATH}:/home/demirci/swarm_sim_ws/install/swarm_sim:/opt/ros/humble /usr/bin/cmake --build /home/demirci/swarm_sim_ws/build/swarm_msgs -- -j16 -l16
[0.271s] INFO:colcon.colcon_core.task.python.build:Building Python package in '/home/demirci/swarm_sim_ws/src/swarm_sim'
[0.271s] INFO:colcon.colcon_core.shell:Skip shell extension 'powershell' for command environment: Not usable outside of PowerShell
[0.271s] DEBUG:colcon.colcon_core.shell:Skip shell extension 'dsv' for command environment
[0.384s] DEBUG:colcon.colcon_core.event_handler.log_command:Invoked command in '/home/demirci/swarm_sim_ws/build/swarm_msgs' returned '0': CMAKE_PREFIX_PATH=${CMAKE_PREFIX_PATH}:/home/demirci/swarm_sim_ws/install/swarm_sim:/opt/ros/humble /usr/bin/cmake --build /home/demirci/swarm_sim_ws/build/swarm_msgs -- -j16 -l16
[0.393s] DEBUG:colcon.colcon_core.event_handler.log_command:Invoking command in '/home/demirci/swarm_sim_ws/build/swarm_msgs': CMAKE_PREFIX_PATH=${CMAKE_PREFIX_PATH}:/home/demirci/swarm_sim_ws/install/swarm_sim:/opt/ros/humble /usr/bin/cmake --install /home/demirci/swarm_sim_ws/build/swarm_msgs
[0.428s] Level 1:colcon.colcon_core.environment:create_environment_scripts_only(swarm_msgs)
[0.429s] DEBUG:colcon.colcon_core.event_handler.log_command:Invoked command in '/home/demirci/swarm_sim_ws/build/swarm_msgs' returned '0': CMAKE_PREFIX_PATH=${CMAKE_PREFIX_PATH}:/home/demirci/swarm_sim_ws/install/swarm_sim:/opt/ros/humble /usr/bin/cmake --install /home/demirci/swarm_sim_ws/build/swarm_msgs
[0.430s] Level 1:colcon.colcon_core.environment:checking '/home/demirci/swarm_sim_ws/install/swarm_msgs' for CMake module files
[0.431s] Level 1:colcon.colcon_core.environment:checking '/home/demirci/swarm_sim_ws/install/swarm_msgs' for CMake config files
[0.432s] Level 1:colcon.colcon_core.shell:create_environment_hook('swarm_msgs', 'cmake_prefix_path')
[0.432s] INFO:colcon.colcon_core.shell:Creating environment hook '/home/demirci/swarm_sim_ws/install/swarm_msgs/share/swarm_msgs/hook/cmake_prefix_path.ps1'
[0.432s] INFO:colcon.colcon_core.shell:Creating environment descriptor '/home/demirci/swarm_sim_ws/install/swarm_msgs/share/swarm_msgs/hook/cmake_prefix_path.dsv'
[0.433s] INFO:colcon.colcon_core.shell:Creating environment hook '/home/demirci/swarm_sim_ws/install/swarm_msgs/share/swarm_msgs/hook/cmake_prefix_path.sh'
[0.433s] Level 1:colcon.colcon_core.environment:checking '/home/demirci/swarm_sim_ws/install/swarm_msgs/lib'
[0.434s] Level 1:colcon.colcon_core.shell:create_environment_hook('swarm_msgs', 'ld_library_path_lib')
[0.434s] INFO:colcon.colcon_core.shell:Creating environment hook '/home/demirci/swarm_sim_ws/install/swarm_msgs/share/swarm_msgs/hook/ld_library_path_lib.ps1'
[0.434s] INFO:colcon.colcon_core.shell:Creating environment descriptor '/home/demirci/swarm_sim_ws/install/swarm_msgs/share/swarm_msgs/hook/ld_library_path_lib.dsv'
[0.435s] INFO:colcon.colcon_core.shell:Creating environment hook '/home/demirci/swarm_sim_ws/install/swarm_msgs/share/swarm_msgs/hook/ld_library_path_lib.sh'
[0.435s] Level 1:colcon.colcon_core.environment:checking '/home/demirci/swarm_sim_ws/install/swarm_msgs/bin'
[0.435s] Level 1:colcon.colcon_core.environment:checking '/home/demirci/swarm_sim_ws/install/swarm_msgs/lib/pkgconfig/swarm_msgs.pc'
[0.435s] Level 1:colcon.colcon_core.environment:checking '/home/demirci/swarm_sim_ws/install/swarm_msgs/lib/python3.10/site-packages'
[0.436s] Level 1:colcon.colcon_core.environment:checking '/home/demirci/swarm_sim_ws/install/swarm_msgs/bin'
[0.436s] INFO:colcon.colcon_core.shell:Creating package script '/home/demirci/swarm_sim_ws/install/swarm_msgs/share/swarm_msgs/package.ps1'
[0.437s] INFO:colcon.colcon_core.shell:Creating package descriptor '/home/demirci/swarm_sim_ws/install/swarm_msgs/share/swarm_msgs/package.dsv'
[0.437s] INFO:colcon.colcon_core.shell:Creating package script '/home/demirci/swarm_sim_ws/install/swarm_msgs/share/swarm_msgs/package.sh'
[0.438s] INFO:colcon.colcon_core.shell:Creating package script '/home/demirci/swarm_sim_ws/install/swarm_msgs/share/swarm_msgs/package.bash'
[0.439s] INFO:colcon.colcon_core.shell:Creating package script '/home/demirci/swarm_sim_ws/install/swarm_msgs/share/swarm_msgs/package.zsh'
[0.439s] Level 1:colcon.colcon_core.environment:create_file_with_runtime_dependencies(/home/demirci/swarm_sim_ws/install/swarm_msgs/share/colcon-core/packages/swarm_msgs)
[0.440s] Level 1:colcon.colcon_core.environment:create_environment_scripts_only(swarm_msgs)
[0.440s] Level 1:colcon.colcon_core.environment:checking '/home/demirci/swarm_sim_ws/install/swarm_msgs' for CMake module files
[0.441s] Level 1:colcon.colcon_core.environment:checking '/home/demirci/swarm_sim_ws/install/swarm_msgs' for CMake config files
[0.442s] Level 1:colcon.colcon_core.shell:create_environment_hook('swarm_msgs', 'cmake_prefix_path')
[0.442s] INFO:colcon.colcon_core.shell:Creating environment hook '/home/demirci/swarm_sim_ws/install/swarm_msgs/share/swarm_msgs/hook/cmake_prefix_path.ps1'
[0.442s] INFO:colcon.colcon_core.shell:Creating environment descriptor '/home/demirci/swarm_sim_ws/install/swarm_msgs/share/swarm_msgs/hook/cmake_prefix_path.dsv'
[0.443s] INFO:colcon.colcon_core.shell:Creating environment hook '/home/demirci/swarm_sim_ws/install/swarm_msgs/share/swarm_msgs/hook/cmake_prefix_path.sh'
[0.443s] Level 1:colcon.colcon_core.environment:checking '/home/demirci/swarm_sim_ws/install/swarm_msgs/lib'
[0.443s] Level 1:colcon.colcon_core.shell:create_environment_hook('swarm_msgs', 'ld_library_path_lib')
[0.443s] INFO:colcon.colcon_core.shell:Creating environment hook '/home/demirci/swarm_sim_ws/install/swarm_msgs/share/swarm_msgs/hook/ld_library_path_lib.ps1'
[0.444s] INFO:colcon.colcon_core.shell:Creating environment descriptor '/home/demirci/swarm_sim_ws/install/swarm_msgs/share/swarm_msgs/hook/ld_library_path_lib.dsv'
[0.444s] INFO:colcon.colcon_core.shell:Creating environment hook '/home/demirci/swarm_sim_ws/install/swarm_msgs/share/swarm_msgs/hook/ld_library_path_lib.sh'
[0.444s] Level 1:colcon.colcon_core.environment:checking '/home/demirci/swarm_sim_ws/install/swarm_msgs/bin'
[0.444s] Level 1:colcon.colcon_core.environment:checking '/home/demirci/swarm_sim_ws/install/swarm_msgs/lib/pkgconfig/swarm_msgs.pc'
[0.445s] Level 1:colcon.colcon_core.environment:checking '/home/demirci/swarm_sim_ws/install/swarm_msgs/lib/python3.10/site-packages'
[0.445s] Level 1:colcon.colcon_core.environment:checking '/home/demirci/swarm_sim_ws/install/swarm_msgs/bin'
[0.445s] INFO:colcon.colcon_core.shell:Creating package script '/home/demirci/swarm_sim_ws/install/swarm_msgs/share/swarm_msgs/package.ps1'
[0.446s] INFO:colcon.colcon_core.shell:Creating package descriptor '/home/demirci/swarm_sim_ws/install/swarm_msgs/share/swarm_msgs/package.dsv'
[0.446s] INFO:colcon.colcon_core.shell:Creating package script '/home/demirci/swarm_sim_ws/install/swarm_msgs/share/swarm_msgs/package.sh'
[0.447s] INFO:colcon.colcon_core.shell:Creating package script '/home/demirci/swarm_sim_ws/install/swarm_msgs/share/swarm_msgs/package.bash'
[0.447s] INFO:colcon.colcon_core.shell:Creating package script '/home/demirci/swarm_sim_ws/install/swarm_msgs/share/swarm_msgs/package.zsh'
[0.447s] Level 1:colcon.colcon_core.environment:create_file_with_runtime_dependencies(/home/demirci/swarm_sim_ws/install/swarm_msgs/share/colcon-core/packages/swarm_msgs)
[0.593s] DEBUG:colcon.colcon_core.event_handler.log_command:Invoking command in '/home/demirci/swarm_sim_ws/src/swarm_sim': PYTHONPATH=/home/demirci/swarm_sim_ws/build/swarm_sim/prefix_override:/usr/lib/python3/dist-packages/colcon_core/task/python/colcon_distutils_commands:/home/demirci/swarm_sim_ws/install/swarm_sim/lib/python3.10/site-packages:${PYTHONPATH} /usr/bin/python3 -W ignore:setup.py install is deprecated -W ignore:easy_install command is deprecated setup.py egg_info --egg-base ../../build/swarm_sim build --build-base /home/demirci/swarm_sim_ws/build/swarm_sim/build install --record /home/demirci/swarm_sim_ws/build/swarm_sim/install.log --single-version-externally-managed install_data
[0.823s] Level 1:colcon.colcon_core.environment:checking '/home/demirci/swarm_sim_ws/install/swarm_sim' for CMake module files
[0.823s] DEBUG:colcon.colcon_core.event_handler.log_command:Invoked command in '/home/demirci/swarm_sim_ws/src/swarm_sim' returned '0': PYTHONPATH=/home/demirci/swarm_sim_ws/build/swarm_sim/prefix_override:/usr/lib/python3/dist-packages/colcon_core/task/python/colcon_distutils_commands:/home/demirci/swarm_sim_ws/install/swarm_sim/lib/python3.10/site-packages:${PYTHONPATH} /usr/bin/python3 -W ignore:setup.py install is deprecated -W ignore:easy_install command is deprecated setup.py egg_info --egg-base ../../build/swarm_sim build --build-base /home/demirci/swarm_sim_ws/build/swarm_sim/build install --record /home/demirci/swarm_sim_ws/build/swarm_sim/install.log --single-version-externally-managed install_data
[0.823s] Level 1:colcon.colcon_core.environment:checking '/home/demirci/swarm_sim_ws/install/swarm_sim' for CMake config files
[0.824s] Level 1:colcon.colcon_core.environment:checking '/home/demirci/swarm_sim_ws/install/swarm_sim/lib'
[0.824s] Level 1:colcon.colcon_core.environment:checking '/home/demirci/swarm_sim_ws/install/swarm_sim/bin'
[0.824s] Level 1:colcon.colcon_core.environment:checking '/home/demirci/swarm_sim_ws/install/swarm_sim/lib/pkgconfig/swarm_sim.pc'
[0.824s] Level 1:colcon.colcon_core.environment:checking '/home/demirci/swarm_sim_ws/install/swarm_sim/lib/python3.10/site-packages'
[0.824s] Level 1:colcon.colcon_core.shell:create_environment_hook('swarm_sim', 'pythonpath')
[0.824s] INFO:colcon.colcon_core.shell:Creating environment hook '/home/demirci/swarm_sim_ws/install/swarm_sim/share/swarm_sim/hook/pythonpath.ps1'
[0.825s] INFO:colcon.colcon_core.shell:Creating environment descriptor '/home/demirci/swarm_sim_ws/install/swarm_sim/share/swarm_sim/hook/pythonpath.dsv'
[0.825s] INFO:colcon.colcon_core.shell:Creating environment hook '/home/demirci/swarm_sim_ws/install/swarm_sim/share/swarm_sim/hook/pythonpath.sh'
[0.826s] Level 1:colcon.colcon_core.environment:checking '/home/demirci/swarm_sim_ws/install/swarm_sim/bin'
[0.826s] Level 1:colcon.colcon_core.environment:create_environment_scripts_only(swarm_sim)
[0.827s] INFO:colcon.colcon_core.shell:Creating package script '/home/demirci/swarm_sim_ws/install/swarm_sim/share/swarm_sim/package.ps1'
[0.827s] INFO:colcon.colcon_core.shell:Creating package descriptor '/home/demirci/swarm_sim_ws/install/swarm_sim/share/swarm_sim/package.dsv'
[0.827s] INFO:colcon.colcon_core.shell:Creating package script '/home/demirci/swarm_sim_ws/install/swarm_sim/share/swarm_sim/package.sh'
[0.828s] INFO:colcon.colcon_core.shell:Creating package script '/home/demirci/swarm_sim_ws/install/swarm_sim/share/swarm_sim/package.bash'
[0.828s] INFO:colcon.colcon_core.shell:Creating package script '/home/demirci/swarm_sim_ws/install/swarm_sim/share/swarm_sim/package.zsh'
[0.829s] Level 1:colcon.colcon_core.environment:create_file_with_runtime_dependencies(/home/demirci/swarm_sim_ws/install/swarm_sim/share/colcon-core/packages/swarm_sim)
[0.829s] DEBUG:colcon.colcon_parallel_executor.executor.parallel:closing loop
[0.829s] DEBUG:colcon.colcon_parallel_executor.executor.parallel:loop closed
[0.829s] DEBUG:colcon.colcon_parallel_executor.executor.parallel:run_until_complete finished with '0'
[0.829s] DEBUG:colcon.colcon_core.event_reactor:joining thread
[0.834s] INFO:colcon.colcon_core.plugin_system:Skipping extension 'colcon_notification.desktop_notification.terminal_notifier': Not used on non-Darwin systems
[0.835s] INFO:colcon.colcon_core.plugin_system:Skipping extension 'colcon_notification.desktop_notification.win32': Not used on non-Windows systems
[0.835s] INFO:colcon.colcon_notification.desktop_notification:Sending desktop notification using 'notify2'
[0.842s] DEBUG:colcon.colcon_core.event_reactor:joined thread
[0.842s] INFO:colcon.colcon_core.shell:Creating prefix script '/home/demirci/swarm_sim_ws/install/local_setup.ps1'
[0.843s] INFO:colcon.colcon_core.shell:Creating prefix util module '/home/demirci/swarm_sim_ws/install/_local_setup_util_ps1.py'
[0.844s] INFO:colcon.colcon_core.shell:Creating prefix chain script '/home/demirci/swarm_sim_ws/install/setup.ps1'
[0.844s] INFO:colcon.colcon_core.shell:Creating prefix script '/home/demirci/swarm_sim_ws/install/local_setup.sh'
[0.845s] INFO:colcon.colcon_core.shell:Creating prefix util module '/home/demirci/swarm_sim_ws/install/_local_setup_util_sh.py'
[0.845s] INFO:colcon.colcon_core.shell:Creating prefix chain script '/home/demirci/swarm_sim_ws/install/setup.sh'
[0.846s] INFO:colcon.colcon_core.shell:Creating prefix script '/home/demirci/swarm_sim_ws/install/local_setup.bash'
[0.846s] INFO:colcon.colcon_core.shell:Creating prefix chain script '/home/demirci/swarm_sim_ws/install/setup.bash'
[0.846s] INFO:colcon.colcon_core.shell:Creating prefix script '/home/demirci/swarm_sim_ws/install/local_setup.zsh'
[0.847s] INFO:colcon.colcon_core.shell:Creating prefix chain script '/home/demirci/swarm_sim_ws/install/setup.zsh'
