running egg_info
creating ../../build/swarm_sim/swarm_sim.egg-info
writing ../../build/swarm_sim/swarm_sim.egg-info/PKG-INFO
writing dependency_links to ../../build/swarm_sim/swarm_sim.egg-info/dependency_links.txt
writing entry points to ../../build/swarm_sim/swarm_sim.egg-info/entry_points.txt
writing requirements to ../../build/swarm_sim/swarm_sim.egg-info/requires.txt
writing top-level names to ../../build/swarm_sim/swarm_sim.egg-info/top_level.txt
writing manifest file '../../build/swarm_sim/swarm_sim.egg-info/SOURCES.txt'
reading manifest file '../../build/swarm_sim/swarm_sim.egg-info/SOURCES.txt'
writing manifest file '../../build/swarm_sim/swarm_sim.egg-info/SOURCES.txt'
running build
running build_py
creating /home/demirci/swarm_sim_ws/build/swarm_sim/build/lib/swarm_sim
copying swarm_sim/swarm_coordinator.py -> /home/demirci/swarm_sim_ws/build/swarm_sim/build/lib/swarm_sim
copying swarm_sim/__init__.py -> /home/demirci/swarm_sim_ws/build/swarm_sim/build/lib/swarm_sim
copying swarm_sim/visualizer.py -> /home/demirci/swarm_sim_ws/build/swarm_sim/build/lib/swarm_sim
copying swarm_sim/simulated_drone.py -> /home/demirci/swarm_sim_ws/build/swarm_sim/build/lib/swarm_sim
running install
running install_lib
creating /home/demirci/swarm_sim_ws/install/swarm_sim/lib/python3.10/site-packages/swarm_sim
copying /home/demirci/swarm_sim_ws/build/swarm_sim/build/lib/swarm_sim/swarm_coordinator.py -> /home/demirci/swarm_sim_ws/install/swarm_sim/lib/python3.10/site-packages/swarm_sim
copying /home/demirci/swarm_sim_ws/build/swarm_sim/build/lib/swarm_sim/__init__.py -> /home/demirci/swarm_sim_ws/install/swarm_sim/lib/python3.10/site-packages/swarm_sim
copying /home/demirci/swarm_sim_ws/build/swarm_sim/build/lib/swarm_sim/visualizer.py -> /home/demirci/swarm_sim_ws/install/swarm_sim/lib/python3.10/site-packages/swarm_sim
copying /home/demirci/swarm_sim_ws/build/swarm_sim/build/lib/swarm_sim/simulated_drone.py -> /home/demirci/swarm_sim_ws/install/swarm_sim/lib/python3.10/site-packages/swarm_sim
byte-compiling /home/demirci/swarm_sim_ws/install/swarm_sim/lib/python3.10/site-packages/swarm_sim/swarm_coordinator.py to swarm_coordinator.cpython-310.pyc
byte-compiling /home/demirci/swarm_sim_ws/install/swarm_sim/lib/python3.10/site-packages/swarm_sim/__init__.py to __init__.cpython-310.pyc
byte-compiling /home/demirci/swarm_sim_ws/install/swarm_sim/lib/python3.10/site-packages/swarm_sim/visualizer.py to visualizer.cpython-310.pyc
byte-compiling /home/demirci/swarm_sim_ws/install/swarm_sim/lib/python3.10/site-packages/swarm_sim/simulated_drone.py to simulated_drone.cpython-310.pyc
running install_data
creating /home/demirci/swarm_sim_ws/install/swarm_sim/share/ament_index/resource_index/packages
copying resource/swarm_sim -> /home/demirci/swarm_sim_ws/install/swarm_sim/share/ament_index/resource_index/packages
copying package.xml -> /home/demirci/swarm_sim_ws/install/swarm_sim/share/swarm_sim
running install_egg_info
Copying ../../build/swarm_sim/swarm_sim.egg-info to /home/demirci/swarm_sim_ws/install/swarm_sim/lib/python3.10/site-packages/swarm_sim-0.0.1-py3.10.egg-info
running install_scripts
Installing simulated_drone script to /home/demirci/swarm_sim_ws/install/swarm_sim/lib/swarm_sim
Installing swarm_coordinator script to /home/demirci/swarm_sim_ws/install/swarm_sim/lib/swarm_sim
Installing visualizer script to /home/demirci/swarm_sim_ws/install/swarm_sim/lib/swarm_sim
writing list of installed files to '/home/demirci/swarm_sim_ws/build/swarm_sim/install.log'
