[0.440s] Invoking command in '/home/demirci/swarm_sim_ws/src/swarm_sim': PYTHONPATH=/home/demirci/swarm_sim_ws/build/swarm_sim/prefix_override:/usr/lib/python3/dist-packages/colcon_core/task/python/colcon_distutils_commands:/home/demirci/swarm_sim_ws/install/swarm_sim/lib/python3.10/site-packages:${PYTHONPATH} /usr/bin/python3 -W ignore:setup.py install is deprecated -W ignore:easy_install command is deprecated setup.py egg_info --egg-base ../../build/swarm_sim build --build-base /home/demirci/swarm_sim_ws/build/swarm_sim/build install --record /home/demirci/swarm_sim_ws/build/swarm_sim/install.log --single-version-externally-managed install_data
[0.533s] /home/demirci/.local/lib/python3.10/site-packages/setuptools/_distutils/dist.py:289: UserWarning: Unknown distribution option: 'tests_require'
[0.533s]   warnings.warn(msg)
[0.584s] running egg_info
[0.592s] creating ../../build/swarm_sim/swarm_sim.egg-info
[0.592s] writing ../../build/swarm_sim/swarm_sim.egg-info/PKG-INFO
[0.593s] writing dependency_links to ../../build/swarm_sim/swarm_sim.egg-info/dependency_links.txt
[0.593s] writing entry points to ../../build/swarm_sim/swarm_sim.egg-info/entry_points.txt
[0.593s] writing requirements to ../../build/swarm_sim/swarm_sim.egg-info/requires.txt
[0.593s] writing top-level names to ../../build/swarm_sim/swarm_sim.egg-info/top_level.txt
[0.593s] writing manifest file '../../build/swarm_sim/swarm_sim.egg-info/SOURCES.txt'
[0.611s] reading manifest file '../../build/swarm_sim/swarm_sim.egg-info/SOURCES.txt'
[0.611s] writing manifest file '../../build/swarm_sim/swarm_sim.egg-info/SOURCES.txt'
[0.611s] running build
[0.611s] running build_py
[0.612s] creating /home/demirci/swarm_sim_ws/build/swarm_sim/build/lib/swarm_sim
[0.612s] copying swarm_sim/swarm_coordinator.py -> /home/demirci/swarm_sim_ws/build/swarm_sim/build/lib/swarm_sim
[0.612s] copying swarm_sim/__init__.py -> /home/demirci/swarm_sim_ws/build/swarm_sim/build/lib/swarm_sim
[0.612s] copying swarm_sim/visualizer.py -> /home/demirci/swarm_sim_ws/build/swarm_sim/build/lib/swarm_sim
[0.612s] copying swarm_sim/simulated_drone.py -> /home/demirci/swarm_sim_ws/build/swarm_sim/build/lib/swarm_sim
[0.612s] running install
[0.614s] running install_lib
[0.622s] creating /home/demirci/swarm_sim_ws/install/swarm_sim/lib/python3.10/site-packages/swarm_sim
[0.622s] copying /home/demirci/swarm_sim_ws/build/swarm_sim/build/lib/swarm_sim/swarm_coordinator.py -> /home/demirci/swarm_sim_ws/install/swarm_sim/lib/python3.10/site-packages/swarm_sim
[0.622s] copying /home/demirci/swarm_sim_ws/build/swarm_sim/build/lib/swarm_sim/__init__.py -> /home/demirci/swarm_sim_ws/install/swarm_sim/lib/python3.10/site-packages/swarm_sim
[0.623s] copying /home/demirci/swarm_sim_ws/build/swarm_sim/build/lib/swarm_sim/visualizer.py -> /home/demirci/swarm_sim_ws/install/swarm_sim/lib/python3.10/site-packages/swarm_sim
[0.623s] copying /home/demirci/swarm_sim_ws/build/swarm_sim/build/lib/swarm_sim/simulated_drone.py -> /home/demirci/swarm_sim_ws/install/swarm_sim/lib/python3.10/site-packages/swarm_sim
[0.623s] byte-compiling /home/demirci/swarm_sim_ws/install/swarm_sim/lib/python3.10/site-packages/swarm_sim/swarm_coordinator.py to swarm_coordinator.cpython-310.pyc
[0.623s] byte-compiling /home/demirci/swarm_sim_ws/install/swarm_sim/lib/python3.10/site-packages/swarm_sim/__init__.py to __init__.cpython-310.pyc
[0.623s] byte-compiling /home/demirci/swarm_sim_ws/install/swarm_sim/lib/python3.10/site-packages/swarm_sim/visualizer.py to visualizer.cpython-310.pyc
[0.624s] byte-compiling /home/demirci/swarm_sim_ws/install/swarm_sim/lib/python3.10/site-packages/swarm_sim/simulated_drone.py to simulated_drone.cpython-310.pyc
[0.624s] running install_data
[0.624s] creating /home/demirci/swarm_sim_ws/install/swarm_sim/share/ament_index/resource_index/packages
[0.624s] copying resource/swarm_sim -> /home/demirci/swarm_sim_ws/install/swarm_sim/share/ament_index/resource_index/packages
[0.624s] copying package.xml -> /home/demirci/swarm_sim_ws/install/swarm_sim/share/swarm_sim
[0.624s] running install_egg_info
[0.634s] Copying ../../build/swarm_sim/swarm_sim.egg-info to /home/demirci/swarm_sim_ws/install/swarm_sim/lib/python3.10/site-packages/swarm_sim-0.0.1-py3.10.egg-info
[0.634s] running install_scripts
[0.652s] Installing simulated_drone script to /home/demirci/swarm_sim_ws/install/swarm_sim/lib/swarm_sim
[0.652s] Installing swarm_coordinator script to /home/demirci/swarm_sim_ws/install/swarm_sim/lib/swarm_sim
[0.652s] Installing visualizer script to /home/demirci/swarm_sim_ws/install/swarm_sim/lib/swarm_sim
[0.652s] writing list of installed files to '/home/demirci/swarm_sim_ws/build/swarm_sim/install.log'
[0.666s] Invoked command in '/home/demirci/swarm_sim_ws/src/swarm_sim' returned '0': PYTHONPATH=/home/demirci/swarm_sim_ws/build/swarm_sim/prefix_override:/usr/lib/python3/dist-packages/colcon_core/task/python/colcon_distutils_commands:/home/demirci/swarm_sim_ws/install/swarm_sim/lib/python3.10/site-packages:${PYTHONPATH} /usr/bin/python3 -W ignore:setup.py install is deprecated -W ignore:easy_install command is deprecated setup.py egg_info --egg-base ../../build/swarm_sim build --build-base /home/demirci/swarm_sim_ws/build/swarm_sim/build install --record /home/demirci/swarm_sim_ws/build/swarm_sim/install.log --single-version-externally-managed install_data
