-- The C compiler identification is GNU 11.4.0
-- The CXX compiler identification is GNU 11.4.0
-- Detecting C compiler ABI info
-- Detecting C compiler ABI info - done
-- Check for working C compiler: /usr/lib/ccache/cc - skipped
-- Detecting C compile features
-- Detecting C compile features - done
-- Detecting CXX compiler ABI info
-- Detecting CXX compiler ABI info - done
-- Check for working CXX compiler: /usr/lib/ccache/c++ - skipped
-- Detecting CXX compile features
-- Detecting CXX compile features - done
-- Found ament_cmake: 1.3.12 (/opt/ros/humble/share/ament_cmake/cmake)
-- Found Python3: /usr/bin/python3 (found version "3.10.12") found components: Interpreter 
-- Found rosidl_default_generators: 1.2.0 (/opt/ros/humble/share/rosidl_default_generators/cmake)
-- Using all available rosidl_typesupport_c: rosidl_typesupport_fastrtps_c;rosidl_typesupport_introspection_c
-- Found rosidl_adapter: 3.1.8 (/opt/ros/humble/share/rosidl_adapter/cmake)
-- Using all available rosidl_typesupport_cpp: rosidl_typesupport_fastrtps_cpp;rosidl_typesupport_introspection_cpp
-- Found std_msgs: 4.9.0 (/opt/ros/humble/share/std_msgs/cmake)
-- Found ament_cmake_ros: 0.10.0 (/opt/ros/humble/share/ament_cmake_ros/cmake)
-- Using all available rosidl_typesupport_c: rosidl_typesupport_fastrtps_c;rosidl_typesupport_introspection_c
-- Using all available rosidl_typesupport_cpp: rosidl_typesupport_fastrtps_cpp;rosidl_typesupport_introspection_cpp
-- Found PythonInterp: /usr/bin/python3 (found suitable version "3.10.12", minimum required is "3.6") 
-- Found python_cmake_module: 0.10.0 (/opt/ros/humble/share/python_cmake_module/cmake)
-- Found PythonLibs: /usr/lib/x86_64-linux-gnu/libpython3.10.so (found suitable version "3.10.12", minimum required is "3.5") 
-- Using PYTHON_EXECUTABLE: /usr/bin/python3
-- Using PYTHON_INCLUDE_DIRS: /usr/include/python3.10
-- Using PYTHON_LIBRARIES: /usr/lib/x86_64-linux-gnu/libpython3.10.so
-- Found PythonExtra: .so  
-- Configuring done
-- Generating done
-- Build files have been written to: /home/demirci/swarm_sim_ws/build/swarm_msgs
[  3%] [34m[1mGenerating C code for ROS interfaces[0m
[  6%] [34m[1mGenerating C++ code for ROS interfaces[0m
[  6%] Built target ament_cmake_python_copy_swarm_msgs
running egg_info
creating swarm_msgs.egg-info
writing swarm_msgs.egg-info/PKG-INFO
[  9%] [32mBuilding C object CMakeFiles/swarm_msgs__rosidl_generator_c.dir/rosidl_generator_c/swarm_msgs/msg/detail/drone_state__functions.c.o[0m
writing dependency_links to swarm_msgs.egg-info/dependency_links.txt
writing top-level names to swarm_msgs.egg-info/top_level.txt
writing manifest file 'swarm_msgs.egg-info/SOURCES.txt'
[  9%] Built target swarm_msgs__cpp
[ 12%] [34m[1mGenerating C++ type support dispatch for ROS interfaces[0m
[ 16%] [34m[1mGenerating C++ introspection for ROS interfaces[0m
[ 19%] [34m[1mGenerating C++ type support for eProsima Fast-RTPS[0m
[ 22%] [32m[1mLinking C shared library libswarm_msgs__rosidl_generator_c.so[0m
reading manifest file 'swarm_msgs.egg-info/SOURCES.txt'
writing manifest file 'swarm_msgs.egg-info/SOURCES.txt'
[ 22%] Built target swarm_msgs__rosidl_generator_c
[ 22%] Built target ament_cmake_python_build_swarm_msgs_egg
[ 32%] [34m[1mGenerating C type support for eProsima Fast-RTPS[0m
[ 32%] [34m[1mGenerating C introspection for ROS interfaces[0m
[ 32%] [34m[1mGenerating C type support dispatch for ROS interfaces[0m
[ 35%] [32mBuilding CXX object CMakeFiles/swarm_msgs__rosidl_typesupport_introspection_cpp.dir/rosidl_typesupport_introspection_cpp/swarm_msgs/msg/detail/drone_state__type_support.cpp.o[0m
[ 38%] [32mBuilding CXX object CMakeFiles/swarm_msgs__rosidl_typesupport_fastrtps_cpp.dir/rosidl_typesupport_fastrtps_cpp/swarm_msgs/msg/detail/dds_fastrtps/drone_state__type_support.cpp.o[0m
[ 41%] [32mBuilding CXX object CMakeFiles/swarm_msgs__rosidl_typesupport_c.dir/rosidl_typesupport_c/swarm_msgs/msg/drone_state__type_support.cpp.o[0m
[ 45%] [32mBuilding C object CMakeFiles/swarm_msgs__rosidl_typesupport_introspection_c.dir/rosidl_typesupport_introspection_c/swarm_msgs/msg/detail/drone_state__type_support.c.o[0m
[ 48%] [32m[1mLinking CXX shared library libswarm_msgs__rosidl_typesupport_c.so[0m
[ 51%] [32mBuilding CXX object CMakeFiles/swarm_msgs__rosidl_typesupport_cpp.dir/rosidl_typesupport_cpp/swarm_msgs/msg/drone_state__type_support.cpp.o[0m
[ 54%] [32m[1mLinking CXX shared library libswarm_msgs__rosidl_typesupport_introspection_cpp.so[0m
[ 58%] [32m[1mLinking CXX shared library libswarm_msgs__rosidl_typesupport_fastrtps_cpp.so[0m
[ 61%] [32m[1mLinking C shared library libswarm_msgs__rosidl_typesupport_introspection_c.so[0m
[ 64%] [32mBuilding CXX object CMakeFiles/swarm_msgs__rosidl_typesupport_fastrtps_c.dir/rosidl_typesupport_fastrtps_c/swarm_msgs/msg/detail/drone_state__type_support_c.cpp.o[0m
[ 64%] Built target swarm_msgs__rosidl_typesupport_introspection_cpp
[ 64%] Built target swarm_msgs__rosidl_typesupport_introspection_c
[ 64%] Built target swarm_msgs__rosidl_typesupport_c
[ 67%] [32m[1mLinking CXX shared library libswarm_msgs__rosidl_typesupport_cpp.so[0m
[ 67%] Built target swarm_msgs__rosidl_typesupport_fastrtps_cpp
[ 70%] [32m[1mLinking CXX shared library libswarm_msgs__rosidl_typesupport_fastrtps_c.so[0m
[ 70%] Built target swarm_msgs__rosidl_typesupport_cpp
[ 70%] Built target swarm_msgs__rosidl_typesupport_fastrtps_c
[ 70%] Built target swarm_msgs
[ 74%] [34m[1mGenerating Python code for ROS interfaces[0m
[ 74%] Built target swarm_msgs__py
[ 77%] [32mBuilding C object CMakeFiles/swarm_msgs__rosidl_generator_py.dir/rosidl_generator_py/swarm_msgs/msg/_drone_state_s.c.o[0m
[ 80%] [32m[1mLinking C shared library rosidl_generator_py/swarm_msgs/libswarm_msgs__rosidl_generator_py.so[0m
[ 80%] Built target swarm_msgs__rosidl_generator_py
[ 83%] [32mBuilding C object CMakeFiles/swarm_msgs__rosidl_typesupport_fastrtps_c__pyext.dir/rosidl_generator_py/swarm_msgs/_swarm_msgs_s.ep.rosidl_typesupport_fastrtps_c.c.o[0m
[ 87%] [32mBuilding C object CMakeFiles/swarm_msgs__rosidl_typesupport_c__pyext.dir/rosidl_generator_py/swarm_msgs/_swarm_msgs_s.ep.rosidl_typesupport_c.c.o[0m
[ 90%] [32mBuilding C object CMakeFiles/swarm_msgs__rosidl_typesupport_introspection_c__pyext.dir/rosidl_generator_py/swarm_msgs/_swarm_msgs_s.ep.rosidl_typesupport_introspection_c.c.o[0m
[ 93%] [32m[1mLinking C shared library rosidl_generator_py/swarm_msgs/swarm_msgs_s__rosidl_typesupport_fastrtps_c.cpython-310-x86_64-linux-gnu.so[0m
[ 96%] [32m[1mLinking C shared library rosidl_generator_py/swarm_msgs/swarm_msgs_s__rosidl_typesupport_introspection_c.cpython-310-x86_64-linux-gnu.so[0m
[100%] [32m[1mLinking C shared library rosidl_generator_py/swarm_msgs/swarm_msgs_s__rosidl_typesupport_c.cpython-310-x86_64-linux-gnu.so[0m
[100%] Built target swarm_msgs__rosidl_typesupport_fastrtps_c__pyext
[100%] Built target swarm_msgs__rosidl_typesupport_c__pyext
[100%] Built target swarm_msgs__rosidl_typesupport_introspection_c__pyext
-- Install configuration: ""
-- Installing: /home/demirci/swarm_sim_ws/install/swarm_msgs/share/ament_index/resource_index/rosidl_interfaces/swarm_msgs
-- Installing: /home/demirci/swarm_sim_ws/install/swarm_msgs/include/swarm_msgs/swarm_msgs
-- Installing: /home/demirci/swarm_sim_ws/install/swarm_msgs/include/swarm_msgs/swarm_msgs/msg
-- Installing: /home/demirci/swarm_sim_ws/install/swarm_msgs/include/swarm_msgs/swarm_msgs/msg/detail
-- Installing: /home/demirci/swarm_sim_ws/install/swarm_msgs/include/swarm_msgs/swarm_msgs/msg/detail/drone_state__functions.h
-- Installing: /home/demirci/swarm_sim_ws/install/swarm_msgs/include/swarm_msgs/swarm_msgs/msg/detail/drone_state__struct.h
-- Installing: /home/demirci/swarm_sim_ws/install/swarm_msgs/include/swarm_msgs/swarm_msgs/msg/detail/drone_state__type_support.h
-- Installing: /home/demirci/swarm_sim_ws/install/swarm_msgs/include/swarm_msgs/swarm_msgs/msg/detail/drone_state__functions.c
-- Installing: /home/demirci/swarm_sim_ws/install/swarm_msgs/include/swarm_msgs/swarm_msgs/msg/rosidl_generator_c__visibility_control.h
-- Installing: /home/demirci/swarm_sim_ws/install/swarm_msgs/include/swarm_msgs/swarm_msgs/msg/drone_state.h
-- Installing: /home/demirci/swarm_sim_ws/install/swarm_msgs/share/swarm_msgs/environment/library_path.sh
-- Installing: /home/demirci/swarm_sim_ws/install/swarm_msgs/share/swarm_msgs/environment/library_path.dsv
-- Installing: /home/demirci/swarm_sim_ws/install/swarm_msgs/lib/libswarm_msgs__rosidl_generator_c.so
-- Set runtime path of "/home/demirci/swarm_sim_ws/install/swarm_msgs/lib/libswarm_msgs__rosidl_generator_c.so" to ""
-- Up-to-date: /home/demirci/swarm_sim_ws/install/swarm_msgs/include/swarm_msgs/swarm_msgs
-- Up-to-date: /home/demirci/swarm_sim_ws/install/swarm_msgs/include/swarm_msgs/swarm_msgs/msg
-- Up-to-date: /home/demirci/swarm_sim_ws/install/swarm_msgs/include/swarm_msgs/swarm_msgs/msg/detail
-- Installing: /home/demirci/swarm_sim_ws/install/swarm_msgs/include/swarm_msgs/swarm_msgs/msg/detail/drone_state__rosidl_typesupport_fastrtps_c.h
-- Installing: /home/demirci/swarm_sim_ws/install/swarm_msgs/include/swarm_msgs/swarm_msgs/msg/rosidl_typesupport_fastrtps_c__visibility_control.h
-- Installing: /home/demirci/swarm_sim_ws/install/swarm_msgs/lib/libswarm_msgs__rosidl_typesupport_fastrtps_c.so
-- Set runtime path of "/home/demirci/swarm_sim_ws/install/swarm_msgs/lib/libswarm_msgs__rosidl_typesupport_fastrtps_c.so" to ""
-- Up-to-date: /home/demirci/swarm_sim_ws/install/swarm_msgs/include/swarm_msgs/swarm_msgs
-- Up-to-date: /home/demirci/swarm_sim_ws/install/swarm_msgs/include/swarm_msgs/swarm_msgs/msg
-- Up-to-date: /home/demirci/swarm_sim_ws/install/swarm_msgs/include/swarm_msgs/swarm_msgs/msg/detail
-- Installing: /home/demirci/swarm_sim_ws/install/swarm_msgs/include/swarm_msgs/swarm_msgs/msg/detail/drone_state__type_support.c
-- Installing: /home/demirci/swarm_sim_ws/install/swarm_msgs/include/swarm_msgs/swarm_msgs/msg/detail/drone_state__rosidl_typesupport_introspection_c.h
-- Installing: /home/demirci/swarm_sim_ws/install/swarm_msgs/include/swarm_msgs/swarm_msgs/msg/rosidl_typesupport_introspection_c__visibility_control.h
-- Installing: /home/demirci/swarm_sim_ws/install/swarm_msgs/lib/libswarm_msgs__rosidl_typesupport_introspection_c.so
-- Set runtime path of "/home/demirci/swarm_sim_ws/install/swarm_msgs/lib/libswarm_msgs__rosidl_typesupport_introspection_c.so" to ""
-- Installing: /home/demirci/swarm_sim_ws/install/swarm_msgs/lib/libswarm_msgs__rosidl_typesupport_c.so
-- Set runtime path of "/home/demirci/swarm_sim_ws/install/swarm_msgs/lib/libswarm_msgs__rosidl_typesupport_c.so" to ""
-- Up-to-date: /home/demirci/swarm_sim_ws/install/swarm_msgs/include/swarm_msgs/swarm_msgs
-- Up-to-date: /home/demirci/swarm_sim_ws/install/swarm_msgs/include/swarm_msgs/swarm_msgs/msg
-- Installing: /home/demirci/swarm_sim_ws/install/swarm_msgs/include/swarm_msgs/swarm_msgs/msg/drone_state.hpp
-- Installing: /home/demirci/swarm_sim_ws/install/swarm_msgs/include/swarm_msgs/swarm_msgs/msg/rosidl_generator_cpp__visibility_control.hpp
-- Up-to-date: /home/demirci/swarm_sim_ws/install/swarm_msgs/include/swarm_msgs/swarm_msgs/msg/detail
-- Installing: /home/demirci/swarm_sim_ws/install/swarm_msgs/include/swarm_msgs/swarm_msgs/msg/detail/drone_state__type_support.hpp
-- Installing: /home/demirci/swarm_sim_ws/install/swarm_msgs/include/swarm_msgs/swarm_msgs/msg/detail/drone_state__traits.hpp
-- Installing: /home/demirci/swarm_sim_ws/install/swarm_msgs/include/swarm_msgs/swarm_msgs/msg/detail/drone_state__builder.hpp
-- Installing: /home/demirci/swarm_sim_ws/install/swarm_msgs/include/swarm_msgs/swarm_msgs/msg/detail/drone_state__struct.hpp
-- Up-to-date: /home/demirci/swarm_sim_ws/install/swarm_msgs/include/swarm_msgs/swarm_msgs
-- Up-to-date: /home/demirci/swarm_sim_ws/install/swarm_msgs/include/swarm_msgs/swarm_msgs/msg
-- Up-to-date: /home/demirci/swarm_sim_ws/install/swarm_msgs/include/swarm_msgs/swarm_msgs/msg/detail
-- Installing: /home/demirci/swarm_sim_ws/install/swarm_msgs/include/swarm_msgs/swarm_msgs/msg/detail/dds_fastrtps
-- Installing: /home/demirci/swarm_sim_ws/install/swarm_msgs/include/swarm_msgs/swarm_msgs/msg/detail/drone_state__rosidl_typesupport_fastrtps_cpp.hpp
-- Installing: /home/demirci/swarm_sim_ws/install/swarm_msgs/include/swarm_msgs/swarm_msgs/msg/rosidl_typesupport_fastrtps_cpp__visibility_control.h
-- Installing: /home/demirci/swarm_sim_ws/install/swarm_msgs/lib/libswarm_msgs__rosidl_typesupport_fastrtps_cpp.so
-- Set runtime path of "/home/demirci/swarm_sim_ws/install/swarm_msgs/lib/libswarm_msgs__rosidl_typesupport_fastrtps_cpp.so" to ""
-- Up-to-date: /home/demirci/swarm_sim_ws/install/swarm_msgs/include/swarm_msgs/swarm_msgs
-- Up-to-date: /home/demirci/swarm_sim_ws/install/swarm_msgs/include/swarm_msgs/swarm_msgs/msg
-- Up-to-date: /home/demirci/swarm_sim_ws/install/swarm_msgs/include/swarm_msgs/swarm_msgs/msg/detail
-- Installing: /home/demirci/swarm_sim_ws/install/swarm_msgs/include/swarm_msgs/swarm_msgs/msg/detail/drone_state__rosidl_typesupport_introspection_cpp.hpp
-- Installing: /home/demirci/swarm_sim_ws/install/swarm_msgs/include/swarm_msgs/swarm_msgs/msg/detail/drone_state__type_support.cpp
-- Installing: /home/demirci/swarm_sim_ws/install/swarm_msgs/lib/libswarm_msgs__rosidl_typesupport_introspection_cpp.so
-- Set runtime path of "/home/demirci/swarm_sim_ws/install/swarm_msgs/lib/libswarm_msgs__rosidl_typesupport_introspection_cpp.so" to ""
-- Installing: /home/demirci/swarm_sim_ws/install/swarm_msgs/lib/libswarm_msgs__rosidl_typesupport_cpp.so
-- Set runtime path of "/home/demirci/swarm_sim_ws/install/swarm_msgs/lib/libswarm_msgs__rosidl_typesupport_cpp.so" to ""
-- Installing: /home/demirci/swarm_sim_ws/install/swarm_msgs/share/swarm_msgs/environment/pythonpath.sh
-- Installing: /home/demirci/swarm_sim_ws/install/swarm_msgs/share/swarm_msgs/environment/pythonpath.dsv
-- Installing: /home/demirci/swarm_sim_ws/install/swarm_msgs/local/lib/python3.10/dist-packages/swarm_msgs-0.0.1-py3.10.egg-info
-- Installing: /home/demirci/swarm_sim_ws/install/swarm_msgs/local/lib/python3.10/dist-packages/swarm_msgs-0.0.1-py3.10.egg-info/PKG-INFO
-- Installing: /home/demirci/swarm_sim_ws/install/swarm_msgs/local/lib/python3.10/dist-packages/swarm_msgs-0.0.1-py3.10.egg-info/top_level.txt
-- Installing: /home/demirci/swarm_sim_ws/install/swarm_msgs/local/lib/python3.10/dist-packages/swarm_msgs-0.0.1-py3.10.egg-info/dependency_links.txt
-- Installing: /home/demirci/swarm_sim_ws/install/swarm_msgs/local/lib/python3.10/dist-packages/swarm_msgs-0.0.1-py3.10.egg-info/SOURCES.txt
-- Installing: /home/demirci/swarm_sim_ws/install/swarm_msgs/local/lib/python3.10/dist-packages/swarm_msgs
-- Installing: /home/demirci/swarm_sim_ws/install/swarm_msgs/local/lib/python3.10/dist-packages/swarm_msgs/msg
-- Installing: /home/demirci/swarm_sim_ws/install/swarm_msgs/local/lib/python3.10/dist-packages/swarm_msgs/msg/__init__.py
-- Installing: /home/demirci/swarm_sim_ws/install/swarm_msgs/local/lib/python3.10/dist-packages/swarm_msgs/msg/_drone_state_s.c
-- Installing: /home/demirci/swarm_sim_ws/install/swarm_msgs/local/lib/python3.10/dist-packages/swarm_msgs/msg/_drone_state.py
-- Installing: /home/demirci/swarm_sim_ws/install/swarm_msgs/local/lib/python3.10/dist-packages/swarm_msgs/swarm_msgs_s__rosidl_typesupport_c.cpython-310-x86_64-linux-gnu.so
-- Installing: /home/demirci/swarm_sim_ws/install/swarm_msgs/local/lib/python3.10/dist-packages/swarm_msgs/_swarm_msgs_s.ep.rosidl_typesupport_fastrtps_c.c
-- Installing: /home/demirci/swarm_sim_ws/install/swarm_msgs/local/lib/python3.10/dist-packages/swarm_msgs/_swarm_msgs_s.ep.rosidl_typesupport_c.c
-- Installing: /home/demirci/swarm_sim_ws/install/swarm_msgs/local/lib/python3.10/dist-packages/swarm_msgs/__init__.py
-- Installing: /home/demirci/swarm_sim_ws/install/swarm_msgs/local/lib/python3.10/dist-packages/swarm_msgs/swarm_msgs_s__rosidl_typesupport_fastrtps_c.cpython-310-x86_64-linux-gnu.so
-- Installing: /home/demirci/swarm_sim_ws/install/swarm_msgs/local/lib/python3.10/dist-packages/swarm_msgs/swarm_msgs_s__rosidl_typesupport_introspection_c.cpython-310-x86_64-linux-gnu.so
-- Installing: /home/demirci/swarm_sim_ws/install/swarm_msgs/local/lib/python3.10/dist-packages/swarm_msgs/libswarm_msgs__rosidl_generator_py.so
-- Installing: /home/demirci/swarm_sim_ws/install/swarm_msgs/local/lib/python3.10/dist-packages/swarm_msgs/_swarm_msgs_s.ep.rosidl_typesupport_introspection_c.c
Listing '/home/demirci/swarm_sim_ws/install/swarm_msgs/local/lib/python3.10/dist-packages/swarm_msgs'...
Compiling '/home/demirci/swarm_sim_ws/install/swarm_msgs/local/lib/python3.10/dist-packages/swarm_msgs/__init__.py'...
Listing '/home/demirci/swarm_sim_ws/install/swarm_msgs/local/lib/python3.10/dist-packages/swarm_msgs/msg'...
Compiling '/home/demirci/swarm_sim_ws/install/swarm_msgs/local/lib/python3.10/dist-packages/swarm_msgs/msg/__init__.py'...
Compiling '/home/demirci/swarm_sim_ws/install/swarm_msgs/local/lib/python3.10/dist-packages/swarm_msgs/msg/_drone_state.py'...
-- Installing: /home/demirci/swarm_sim_ws/install/swarm_msgs/local/lib/python3.10/dist-packages/swarm_msgs/swarm_msgs_s__rosidl_typesupport_fastrtps_c.cpython-310-x86_64-linux-gnu.so
-- Set runtime path of "/home/demirci/swarm_sim_ws/install/swarm_msgs/local/lib/python3.10/dist-packages/swarm_msgs/swarm_msgs_s__rosidl_typesupport_fastrtps_c.cpython-310-x86_64-linux-gnu.so" to ""
-- Installing: /home/demirci/swarm_sim_ws/install/swarm_msgs/local/lib/python3.10/dist-packages/swarm_msgs/swarm_msgs_s__rosidl_typesupport_introspection_c.cpython-310-x86_64-linux-gnu.so
-- Set runtime path of "/home/demirci/swarm_sim_ws/install/swarm_msgs/local/lib/python3.10/dist-packages/swarm_msgs/swarm_msgs_s__rosidl_typesupport_introspection_c.cpython-310-x86_64-linux-gnu.so" to ""
-- Installing: /home/demirci/swarm_sim_ws/install/swarm_msgs/local/lib/python3.10/dist-packages/swarm_msgs/swarm_msgs_s__rosidl_typesupport_c.cpython-310-x86_64-linux-gnu.so
-- Set runtime path of "/home/demirci/swarm_sim_ws/install/swarm_msgs/local/lib/python3.10/dist-packages/swarm_msgs/swarm_msgs_s__rosidl_typesupport_c.cpython-310-x86_64-linux-gnu.so" to ""
-- Installing: /home/demirci/swarm_sim_ws/install/swarm_msgs/lib/libswarm_msgs__rosidl_generator_py.so
-- Set runtime path of "/home/demirci/swarm_sim_ws/install/swarm_msgs/lib/libswarm_msgs__rosidl_generator_py.so" to ""
-- Installing: /home/demirci/swarm_sim_ws/install/swarm_msgs/share/swarm_msgs/msg/DroneState.idl
-- Installing: /home/demirci/swarm_sim_ws/install/swarm_msgs/share/swarm_msgs/msg/DroneState.msg
-- Installing: /home/demirci/swarm_sim_ws/install/swarm_msgs/share/ament_index/resource_index/package_run_dependencies/swarm_msgs
-- Installing: /home/demirci/swarm_sim_ws/install/swarm_msgs/share/ament_index/resource_index/parent_prefix_path/swarm_msgs
-- Installing: /home/demirci/swarm_sim_ws/install/swarm_msgs/share/swarm_msgs/environment/ament_prefix_path.sh
-- Installing: /home/demirci/swarm_sim_ws/install/swarm_msgs/share/swarm_msgs/environment/ament_prefix_path.dsv
-- Installing: /home/demirci/swarm_sim_ws/install/swarm_msgs/share/swarm_msgs/environment/path.sh
-- Installing: /home/demirci/swarm_sim_ws/install/swarm_msgs/share/swarm_msgs/environment/path.dsv
-- Installing: /home/demirci/swarm_sim_ws/install/swarm_msgs/share/swarm_msgs/local_setup.bash
-- Installing: /home/demirci/swarm_sim_ws/install/swarm_msgs/share/swarm_msgs/local_setup.sh
-- Installing: /home/demirci/swarm_sim_ws/install/swarm_msgs/share/swarm_msgs/local_setup.zsh
-- Installing: /home/demirci/swarm_sim_ws/install/swarm_msgs/share/swarm_msgs/local_setup.dsv
-- Installing: /home/demirci/swarm_sim_ws/install/swarm_msgs/share/swarm_msgs/package.dsv
-- Installing: /home/demirci/swarm_sim_ws/install/swarm_msgs/share/ament_index/resource_index/packages/swarm_msgs
-- Installing: /home/demirci/swarm_sim_ws/install/swarm_msgs/share/swarm_msgs/cmake/export_swarm_msgs__rosidl_generator_cExport.cmake
-- Installing: /home/demirci/swarm_sim_ws/install/swarm_msgs/share/swarm_msgs/cmake/export_swarm_msgs__rosidl_generator_cExport-noconfig.cmake
-- Installing: /home/demirci/swarm_sim_ws/install/swarm_msgs/share/swarm_msgs/cmake/export_swarm_msgs__rosidl_typesupport_fastrtps_cExport.cmake
-- Installing: /home/demirci/swarm_sim_ws/install/swarm_msgs/share/swarm_msgs/cmake/export_swarm_msgs__rosidl_typesupport_fastrtps_cExport-noconfig.cmake
-- Installing: /home/demirci/swarm_sim_ws/install/swarm_msgs/share/swarm_msgs/cmake/swarm_msgs__rosidl_typesupport_introspection_cExport.cmake
-- Installing: /home/demirci/swarm_sim_ws/install/swarm_msgs/share/swarm_msgs/cmake/swarm_msgs__rosidl_typesupport_introspection_cExport-noconfig.cmake
-- Installing: /home/demirci/swarm_sim_ws/install/swarm_msgs/share/swarm_msgs/cmake/swarm_msgs__rosidl_typesupport_cExport.cmake
-- Installing: /home/demirci/swarm_sim_ws/install/swarm_msgs/share/swarm_msgs/cmake/swarm_msgs__rosidl_typesupport_cExport-noconfig.cmake
-- Installing: /home/demirci/swarm_sim_ws/install/swarm_msgs/share/swarm_msgs/cmake/export_swarm_msgs__rosidl_generator_cppExport.cmake
-- Installing: /home/demirci/swarm_sim_ws/install/swarm_msgs/share/swarm_msgs/cmake/export_swarm_msgs__rosidl_typesupport_fastrtps_cppExport.cmake
-- Installing: /home/demirci/swarm_sim_ws/install/swarm_msgs/share/swarm_msgs/cmake/export_swarm_msgs__rosidl_typesupport_fastrtps_cppExport-noconfig.cmake
-- Installing: /home/demirci/swarm_sim_ws/install/swarm_msgs/share/swarm_msgs/cmake/swarm_msgs__rosidl_typesupport_introspection_cppExport.cmake
-- Installing: /home/demirci/swarm_sim_ws/install/swarm_msgs/share/swarm_msgs/cmake/swarm_msgs__rosidl_typesupport_introspection_cppExport-noconfig.cmake
-- Installing: /home/demirci/swarm_sim_ws/install/swarm_msgs/share/swarm_msgs/cmake/swarm_msgs__rosidl_typesupport_cppExport.cmake
-- Installing: /home/demirci/swarm_sim_ws/install/swarm_msgs/share/swarm_msgs/cmake/swarm_msgs__rosidl_typesupport_cppExport-noconfig.cmake
-- Installing: /home/demirci/swarm_sim_ws/install/swarm_msgs/share/swarm_msgs/cmake/export_swarm_msgs__rosidl_generator_pyExport.cmake
-- Installing: /home/demirci/swarm_sim_ws/install/swarm_msgs/share/swarm_msgs/cmake/export_swarm_msgs__rosidl_generator_pyExport-noconfig.cmake
-- Installing: /home/demirci/swarm_sim_ws/install/swarm_msgs/share/swarm_msgs/cmake/rosidl_cmake-extras.cmake
-- Installing: /home/demirci/swarm_sim_ws/install/swarm_msgs/share/swarm_msgs/cmake/ament_cmake_export_dependencies-extras.cmake
-- Installing: /home/demirci/swarm_sim_ws/install/swarm_msgs/share/swarm_msgs/cmake/ament_cmake_export_include_directories-extras.cmake
-- Installing: /home/demirci/swarm_sim_ws/install/swarm_msgs/share/swarm_msgs/cmake/ament_cmake_export_libraries-extras.cmake
-- Installing: /home/demirci/swarm_sim_ws/install/swarm_msgs/share/swarm_msgs/cmake/ament_cmake_export_targets-extras.cmake
-- Installing: /home/demirci/swarm_sim_ws/install/swarm_msgs/share/swarm_msgs/cmake/rosidl_cmake_export_typesupport_targets-extras.cmake
-- Installing: /home/demirci/swarm_sim_ws/install/swarm_msgs/share/swarm_msgs/cmake/rosidl_cmake_export_typesupport_libraries-extras.cmake
-- Installing: /home/demirci/swarm_sim_ws/install/swarm_msgs/share/swarm_msgs/cmake/swarm_msgsConfig.cmake
-- Installing: /home/demirci/swarm_sim_ws/install/swarm_msgs/share/swarm_msgs/cmake/swarm_msgsConfig-version.cmake
-- Installing: /home/demirci/swarm_sim_ws/install/swarm_msgs/share/swarm_msgs/package.xml
